25-12-12.15:41:50.844 [main            ] INFO  RaffleStrategyTest     - Starting RaffleStrategyTest using Java 17.0.10 on LAPTOP-M7AUHHUL with PID 13812 (started by OMEN in E:\IDEA projects\big_market\big_market-app)
25-12-12.15:41:50.845 [main            ] INFO  RaffleStrategyTest     - The following 1 profile is active: "dev"
25-12-12.15:41:51.879 [main            ] INFO  RepositoryConfigurationDelegate - Multiple Spring Data modules found, entering strict repository configuration mode
25-12-12.15:41:51.881 [main            ] INFO  RepositoryConfigurationDelegate - Bootstrapping Spring Data Redis repositories in DEFAULT mode.
25-12-12.15:41:51.907 [main            ] INFO  RepositoryConfigurationDelegate - Finished Spring Data repository scanning in 11 ms. Found 0 Redis repository interfaces.
25-12-12.15:41:52.941 [main            ] INFO  Version                - Redisson 3.23.4
25-12-12.15:41:53.300 [redisson-netty-2-5] INFO  MasterPubSubConnectionPool - 1 connections initialized for 127.0.0.1/127.0.0.1:16379
25-12-12.15:41:53.321 [redisson-netty-2-13] INFO  MasterConnectionPool   - 5 connections initialized for 127.0.0.1/127.0.0.1:16379
25-12-12.15:41:54.612 [main            ] INFO  EndpointLinksResolver  - Exposing 1 endpoint(s) beneath base path '/actuator'
25-12-12.15:41:54.652 [main            ] INFO  RaffleStrategyTest     - Started RaffleStrategyTest in 4.206 seconds (JVM running for 5.175)
25-12-12.15:41:54.697 [main            ] ERROR TestContextManager     - Caught exception while allowing TestExecutionListener [org.springframework.boot.test.autoconfigure.SpringBootDependencyInjectionTestExecutionListener@407a7f2a] to prepare test instance [org.example.test.domain.RaffleStrategyTest@67292fc7]
org.springframework.beans.factory.BeanCreationException: Error creating bean with name 'org.example.test.domain.RaffleStrategyTest': Injection of resource dependencies failed; nested exception is org.springframework.beans.factory.NoSuchBeanDefinitionException: No qualifying bean of type 'org.example.domain.strategy.service.IRaffleStrategy' available: expected at least 1 bean which qualifies as autowire candidate. Dependency annotations: {@javax.annotation.Resource(shareable=true, lookup="", name="", description="", authenticationType=CONTAINER, type=java.lang.Object.class, mappedName="")}
	at org.springframework.context.annotation.CommonAnnotationBeanPostProcessor.postProcessProperties(CommonAnnotationBeanPostProcessor.java:332)
	at org.springframework.beans.factory.support.AbstractAutowireCapableBeanFactory.populateBean(AbstractAutowireCapableBeanFactory.java:1431)
	at org.springframework.beans.factory.support.AbstractAutowireCapableBeanFactory.autowireBeanProperties(AbstractAutowireCapableBeanFactory.java:417)
	at org.springframework.test.context.support.DependencyInjectionTestExecutionListener.injectDependencies(DependencyInjectionTestExecutionListener.java:119)
	at org.springframework.test.context.support.DependencyInjectionTestExecutionListener.prepareTestInstance(DependencyInjectionTestExecutionListener.java:83)
	at org.springframework.boot.test.autoconfigure.SpringBootDependencyInjectionTestExecutionListener.prepareTestInstance(SpringBootDependencyInjectionTestExecutionListener.java:43)
	at org.springframework.test.context.TestContextManager.prepareTestInstance(TestContextManager.java:248)
	at org.springframework.test.context.junit4.SpringJUnit4ClassRunner.createTest(SpringJUnit4ClassRunner.java:227)
	at org.springframework.test.context.junit4.SpringJUnit4ClassRunner$1.runReflectiveCall(SpringJUnit4ClassRunner.java:289)
	at org.junit.internal.runners.model.ReflectiveCallable.run(ReflectiveCallable.java:12)
	at org.springframework.test.context.junit4.SpringJUnit4ClassRunner.methodBlock(SpringJUnit4ClassRunner.java:291)
	at org.springframework.test.context.junit4.SpringJUnit4ClassRunner.runChild(SpringJUnit4ClassRunner.java:246)
	at org.springframework.test.context.junit4.SpringJUnit4ClassRunner.runChild(SpringJUnit4ClassRunner.java:97)
	at org.junit.runners.ParentRunner$4.run(ParentRunner.java:331)
	at org.junit.runners.ParentRunner$1.schedule(ParentRunner.java:79)
	at org.junit.runners.ParentRunner.runChildren(ParentRunner.java:329)
	at org.junit.runners.ParentRunner.access$100(ParentRunner.java:66)
	at org.junit.runners.ParentRunner$2.evaluate(ParentRunner.java:293)
	at org.springframework.test.context.junit4.statements.RunBeforeTestClassCallbacks.evaluate(RunBeforeTestClassCallbacks.java:61)
	at org.springframework.test.context.junit4.statements.RunAfterTestClassCallbacks.evaluate(RunAfterTestClassCallbacks.java:70)
	at org.junit.runners.ParentRunner$3.evaluate(ParentRunner.java:306)
	at org.junit.runners.ParentRunner.run(ParentRunner.java:413)
	at org.springframework.test.context.junit4.SpringJUnit4ClassRunner.run(SpringJUnit4ClassRunner.java:190)
	at org.junit.runner.JUnitCore.run(JUnitCore.java:137)
	at com.intellij.junit4.JUnit4IdeaTestRunner.startRunnerWithArgs(JUnit4IdeaTestRunner.java:69)
	at com.intellij.rt.junit.IdeaTestRunner$Repeater$1.execute(IdeaTestRunner.java:38)
	at com.intellij.rt.execution.junit.TestsRepeater.repeat(TestsRepeater.java:11)
	at com.intellij.rt.junit.IdeaTestRunner$Repeater.startRunnerWithArgs(IdeaTestRunner.java:35)
	at com.intellij.rt.junit.JUnitStarter.prepareStreamsAndStart(JUnitStarter.java:237)
	at com.intellij.rt.junit.JUnitStarter.main(JUnitStarter.java:58)
Caused by: org.springframework.beans.factory.NoSuchBeanDefinitionException: No qualifying bean of type 'org.example.domain.strategy.service.IRaffleStrategy' available: expected at least 1 bean which qualifies as autowire candidate. Dependency annotations: {@javax.annotation.Resource(shareable=true, lookup="", name="", description="", authenticationType=CONTAINER, type=java.lang.Object.class, mappedName="")}
	at org.springframework.beans.factory.support.DefaultListableBeanFactory.raiseNoMatchingBeanFound(DefaultListableBeanFactory.java:1801)
	at org.springframework.beans.factory.support.DefaultListableBeanFactory.doResolveDependency(DefaultListableBeanFactory.java:1357)
	at org.springframework.beans.factory.support.DefaultListableBeanFactory.resolveDependency(DefaultListableBeanFactory.java:1311)
	at org.springframework.context.annotation.CommonAnnotationBeanPostProcessor.autowireResource(CommonAnnotationBeanPostProcessor.java:544)
	at org.springframework.context.annotation.CommonAnnotationBeanPostProcessor.getResource(CommonAnnotationBeanPostProcessor.java:520)
	at org.springframework.context.annotation.CommonAnnotationBeanPostProcessor$ResourceElement.getResourceToInject(CommonAnnotationBeanPostProcessor.java:673)
	at org.springframework.beans.factory.annotation.InjectionMetadata$InjectedElement.inject(InjectionMetadata.java:228)
	at org.springframework.beans.factory.annotation.InjectionMetadata.inject(InjectionMetadata.java:119)
	at org.springframework.context.annotation.CommonAnnotationBeanPostProcessor.postProcessProperties(CommonAnnotationBeanPostProcessor.java:329)
	... 29 common frames omitted
25-12-12.15:46:33.111 [main            ] INFO  RaffleStrategyTest     - Starting RaffleStrategyTest using Java 17.0.10 on LAPTOP-M7AUHHUL with PID 15184 (started by OMEN in E:\IDEA projects\big_market\big_market-app)
25-12-12.15:46:33.111 [main            ] INFO  RaffleStrategyTest     - The following 1 profile is active: "dev"
25-12-12.15:46:33.788 [main            ] INFO  RepositoryConfigurationDelegate - Multiple Spring Data modules found, entering strict repository configuration mode
25-12-12.15:46:33.790 [main            ] INFO  RepositoryConfigurationDelegate - Bootstrapping Spring Data Redis repositories in DEFAULT mode.
25-12-12.15:46:33.817 [main            ] INFO  RepositoryConfigurationDelegate - Finished Spring Data repository scanning in 12 ms. Found 0 Redis repository interfaces.
25-12-12.15:46:34.789 [main            ] INFO  Version                - Redisson 3.23.4
25-12-12.15:46:35.142 [redisson-netty-2-4] INFO  MasterPubSubConnectionPool - 1 connections initialized for 127.0.0.1/127.0.0.1:16379
25-12-12.15:46:35.157 [redisson-netty-2-13] INFO  MasterConnectionPool   - 5 connections initialized for 127.0.0.1/127.0.0.1:16379
25-12-12.15:46:36.320 [main            ] INFO  EndpointLinksResolver  - Exposing 1 endpoint(s) beneath base path '/actuator'
25-12-12.15:46:36.360 [main            ] INFO  RaffleStrategyTest     - Started RaffleStrategyTest in 3.622 seconds (JVM running for 4.406)
25-12-12.15:46:36.444 [main            ] ERROR TestContextManager     - Caught exception while allowing TestExecutionListener [org.springframework.boot.test.autoconfigure.SpringBootDependencyInjectionTestExecutionListener@407a7f2a] to prepare test instance [org.example.test.domain.RaffleStrategyTest@71cc0e35]
org.springframework.beans.factory.BeanCreationException: Error creating bean with name 'org.example.test.domain.RaffleStrategyTest': Injection of resource dependencies failed; nested exception is org.springframework.beans.factory.NoSuchBeanDefinitionException: No qualifying bean of type 'org.example.domain.strategy.service.IRaffleStrategy' available: expected at least 1 bean which qualifies as autowire candidate. Dependency annotations: {@javax.annotation.Resource(shareable=true, lookup="", name="", description="", authenticationType=CONTAINER, type=java.lang.Object.class, mappedName="")}
	at org.springframework.context.annotation.CommonAnnotationBeanPostProcessor.postProcessProperties(CommonAnnotationBeanPostProcessor.java:332)
	at org.springframework.beans.factory.support.AbstractAutowireCapableBeanFactory.populateBean(AbstractAutowireCapableBeanFactory.java:1431)
	at org.springframework.beans.factory.support.AbstractAutowireCapableBeanFactory.autowireBeanProperties(AbstractAutowireCapableBeanFactory.java:417)
	at org.springframework.test.context.support.DependencyInjectionTestExecutionListener.injectDependencies(DependencyInjectionTestExecutionListener.java:119)
	at org.springframework.test.context.support.DependencyInjectionTestExecutionListener.prepareTestInstance(DependencyInjectionTestExecutionListener.java:83)
	at org.springframework.boot.test.autoconfigure.SpringBootDependencyInjectionTestExecutionListener.prepareTestInstance(SpringBootDependencyInjectionTestExecutionListener.java:43)
	at org.springframework.test.context.TestContextManager.prepareTestInstance(TestContextManager.java:248)
	at org.springframework.test.context.junit4.SpringJUnit4ClassRunner.createTest(SpringJUnit4ClassRunner.java:227)
	at org.springframework.test.context.junit4.SpringJUnit4ClassRunner$1.runReflectiveCall(SpringJUnit4ClassRunner.java:289)
	at org.junit.internal.runners.model.ReflectiveCallable.run(ReflectiveCallable.java:12)
	at org.springframework.test.context.junit4.SpringJUnit4ClassRunner.methodBlock(SpringJUnit4ClassRunner.java:291)
	at org.springframework.test.context.junit4.SpringJUnit4ClassRunner.runChild(SpringJUnit4ClassRunner.java:246)
	at org.springframework.test.context.junit4.SpringJUnit4ClassRunner.runChild(SpringJUnit4ClassRunner.java:97)
	at org.junit.runners.ParentRunner$4.run(ParentRunner.java:331)
	at org.junit.runners.ParentRunner$1.schedule(ParentRunner.java:79)
	at org.junit.runners.ParentRunner.runChildren(ParentRunner.java:329)
	at org.junit.runners.ParentRunner.access$100(ParentRunner.java:66)
	at org.junit.runners.ParentRunner$2.evaluate(ParentRunner.java:293)
	at org.springframework.test.context.junit4.statements.RunBeforeTestClassCallbacks.evaluate(RunBeforeTestClassCallbacks.java:61)
	at org.springframework.test.context.junit4.statements.RunAfterTestClassCallbacks.evaluate(RunAfterTestClassCallbacks.java:70)
	at org.junit.runners.ParentRunner$3.evaluate(ParentRunner.java:306)
	at org.junit.runners.ParentRunner.run(ParentRunner.java:413)
	at org.springframework.test.context.junit4.SpringJUnit4ClassRunner.run(SpringJUnit4ClassRunner.java:190)
	at org.junit.runner.JUnitCore.run(JUnitCore.java:137)
	at com.intellij.junit4.JUnit4IdeaTestRunner.startRunnerWithArgs(JUnit4IdeaTestRunner.java:69)
	at com.intellij.rt.junit.IdeaTestRunner$Repeater$1.execute(IdeaTestRunner.java:38)
	at com.intellij.rt.execution.junit.TestsRepeater.repeat(TestsRepeater.java:11)
	at com.intellij.rt.junit.IdeaTestRunner$Repeater.startRunnerWithArgs(IdeaTestRunner.java:35)
	at com.intellij.rt.junit.JUnitStarter.prepareStreamsAndStart(JUnitStarter.java:237)
	at com.intellij.rt.junit.JUnitStarter.main(JUnitStarter.java:58)
Caused by: org.springframework.beans.factory.NoSuchBeanDefinitionException: No qualifying bean of type 'org.example.domain.strategy.service.IRaffleStrategy' available: expected at least 1 bean which qualifies as autowire candidate. Dependency annotations: {@javax.annotation.Resource(shareable=true, lookup="", name="", description="", authenticationType=CONTAINER, type=java.lang.Object.class, mappedName="")}
	at org.springframework.beans.factory.support.DefaultListableBeanFactory.raiseNoMatchingBeanFound(DefaultListableBeanFactory.java:1801)
	at org.springframework.beans.factory.support.DefaultListableBeanFactory.doResolveDependency(DefaultListableBeanFactory.java:1357)
	at org.springframework.beans.factory.support.DefaultListableBeanFactory.resolveDependency(DefaultListableBeanFactory.java:1311)
	at org.springframework.context.annotation.CommonAnnotationBeanPostProcessor.autowireResource(CommonAnnotationBeanPostProcessor.java:544)
	at org.springframework.context.annotation.CommonAnnotationBeanPostProcessor.getResource(CommonAnnotationBeanPostProcessor.java:520)
	at org.springframework.context.annotation.CommonAnnotationBeanPostProcessor$ResourceElement.getResourceToInject(CommonAnnotationBeanPostProcessor.java:673)
	at org.springframework.beans.factory.annotation.InjectionMetadata$InjectedElement.inject(InjectionMetadata.java:228)
	at org.springframework.beans.factory.annotation.InjectionMetadata.inject(InjectionMetadata.java:119)
	at org.springframework.context.annotation.CommonAnnotationBeanPostProcessor.postProcessProperties(CommonAnnotationBeanPostProcessor.java:329)
	... 29 common frames omitted
25-12-12.15:47:59.030 [main            ] INFO  RaffleStrategyTest     - Starting RaffleStrategyTest using Java 17.0.10 on LAPTOP-M7AUHHUL with PID 9488 (started by OMEN in E:\IDEA projects\big_market\big_market-app)
25-12-12.15:47:59.031 [main            ] INFO  RaffleStrategyTest     - The following 1 profile is active: "dev"
25-12-12.15:47:59.661 [main            ] INFO  RepositoryConfigurationDelegate - Multiple Spring Data modules found, entering strict repository configuration mode
25-12-12.15:47:59.664 [main            ] INFO  RepositoryConfigurationDelegate - Bootstrapping Spring Data Redis repositories in DEFAULT mode.
25-12-12.15:47:59.685 [main            ] INFO  RepositoryConfigurationDelegate - Finished Spring Data repository scanning in 9 ms. Found 0 Redis repository interfaces.
25-12-12.15:48:00.679 [main            ] INFO  Version                - Redisson 3.23.4
25-12-12.15:48:01.041 [redisson-netty-2-4] INFO  MasterPubSubConnectionPool - 1 connections initialized for 127.0.0.1/127.0.0.1:16379
25-12-12.15:48:01.064 [redisson-netty-2-13] INFO  MasterConnectionPool   - 5 connections initialized for 127.0.0.1/127.0.0.1:16379
25-12-12.15:48:02.228 [main            ] INFO  EndpointLinksResolver  - Exposing 1 endpoint(s) beneath base path '/actuator'
25-12-12.15:48:02.275 [main            ] INFO  RaffleStrategyTest     - Started RaffleStrategyTest in 3.615 seconds (JVM running for 4.323)
25-12-12.15:48:02.739 [main            ] INFO  RuleBlackListLogicFilter - 规则过滤-黑名单 userId:CongXinn strategyId:100001 ruleModel:rule_blacklist
25-12-12.15:48:51.304 [main            ] INFO  RaffleStrategyTest     - Starting RaffleStrategyTest using Java 17.0.10 on LAPTOP-M7AUHHUL with PID 18588 (started by OMEN in E:\IDEA projects\big_market\big_market-app)
25-12-12.15:48:51.305 [main            ] INFO  RaffleStrategyTest     - The following 1 profile is active: "dev"
25-12-12.15:48:51.964 [main            ] INFO  RepositoryConfigurationDelegate - Multiple Spring Data modules found, entering strict repository configuration mode
25-12-12.15:48:51.967 [main            ] INFO  RepositoryConfigurationDelegate - Bootstrapping Spring Data Redis repositories in DEFAULT mode.
25-12-12.15:48:51.988 [main            ] INFO  RepositoryConfigurationDelegate - Finished Spring Data repository scanning in 11 ms. Found 0 Redis repository interfaces.
25-12-12.15:48:53.112 [main            ] INFO  Version                - Redisson 3.23.4
25-12-12.15:48:53.491 [redisson-netty-2-4] INFO  MasterPubSubConnectionPool - 1 connections initialized for 127.0.0.1/127.0.0.1:16379
25-12-12.15:48:53.512 [redisson-netty-2-13] INFO  MasterConnectionPool   - 5 connections initialized for 127.0.0.1/127.0.0.1:16379
25-12-12.15:48:54.694 [main            ] INFO  EndpointLinksResolver  - Exposing 1 endpoint(s) beneath base path '/actuator'
25-12-12.15:48:54.744 [main            ] INFO  RaffleStrategyTest     - Started RaffleStrategyTest in 3.832 seconds (JVM running for 4.548)
25-12-12.15:48:55.167 [main            ] INFO  RuleBlackListLogicFilter - 规则过滤-黑名单 userId:CongXinn strategyId:100001 ruleModel:rule_blacklist
25-12-12.15:48:55.199 [main            ] INFO  HikariDataSource       - HikariPool-1 - Starting...
25-12-12.15:48:55.519 [main            ] INFO  HikariDataSource       - HikariPool-1 - Start completed.
25-12-12.15:48:55.596 [SpringApplicationShutdownHook] INFO  HikariDataSource       - HikariPool-1 - Shutdown initiated...
25-12-12.15:48:55.599 [SpringApplicationShutdownHook] INFO  HikariDataSource       - HikariPool-1 - Shutdown completed.
25-12-12.15:50:38.890 [main            ] INFO  RaffleStrategyTest     - Starting RaffleStrategyTest using Java 17.0.10 on LAPTOP-M7AUHHUL with PID 8052 (started by OMEN in E:\IDEA projects\big_market\big_market-app)
25-12-12.15:50:38.891 [main            ] INFO  RaffleStrategyTest     - The following 1 profile is active: "dev"
25-12-12.15:50:39.461 [main            ] INFO  RepositoryConfigurationDelegate - Multiple Spring Data modules found, entering strict repository configuration mode
25-12-12.15:50:39.463 [main            ] INFO  RepositoryConfigurationDelegate - Bootstrapping Spring Data Redis repositories in DEFAULT mode.
25-12-12.15:50:39.491 [main            ] INFO  RepositoryConfigurationDelegate - Finished Spring Data repository scanning in 12 ms. Found 0 Redis repository interfaces.
25-12-12.15:50:40.448 [main            ] INFO  Version                - Redisson 3.23.4
25-12-12.15:50:40.783 [redisson-netty-2-5] INFO  MasterPubSubConnectionPool - 1 connections initialized for 127.0.0.1/127.0.0.1:16379
25-12-12.15:50:40.801 [redisson-netty-2-13] INFO  MasterConnectionPool   - 5 connections initialized for 127.0.0.1/127.0.0.1:16379
25-12-12.15:50:42.305 [main            ] INFO  EndpointLinksResolver  - Exposing 1 endpoint(s) beneath base path '/actuator'
25-12-12.15:50:42.362 [main            ] INFO  RaffleStrategyTest     - Started RaffleStrategyTest in 3.819 seconds (JVM running for 4.518)
25-12-12.15:50:42.829 [main            ] INFO  RuleBlackListLogicFilter - 规则过滤-黑名单 userId:CongXinn strategyId:100001 ruleModel:rule_blacklist
25-12-12.15:50:42.859 [main            ] INFO  HikariDataSource       - HikariPool-1 - Starting...
25-12-12.15:50:43.085 [main            ] INFO  HikariDataSource       - HikariPool-1 - Start completed.
25-12-12.15:50:43.141 [SpringApplicationShutdownHook] INFO  HikariDataSource       - HikariPool-1 - Shutdown initiated...
25-12-12.15:50:43.145 [SpringApplicationShutdownHook] INFO  HikariDataSource       - HikariPool-1 - Shutdown completed.
25-12-12.15:51:37.878 [main            ] INFO  RaffleStrategyTest     - Starting RaffleStrategyTest using Java 17.0.10 on LAPTOP-M7AUHHUL with PID 26608 (started by OMEN in E:\IDEA projects\big_market\big_market-app)
25-12-12.15:51:37.879 [main            ] INFO  RaffleStrategyTest     - The following 1 profile is active: "dev"
25-12-12.15:51:38.663 [main            ] INFO  RepositoryConfigurationDelegate - Multiple Spring Data modules found, entering strict repository configuration mode
25-12-12.15:51:38.666 [main            ] INFO  RepositoryConfigurationDelegate - Bootstrapping Spring Data Redis repositories in DEFAULT mode.
25-12-12.15:51:38.688 [main            ] INFO  RepositoryConfigurationDelegate - Finished Spring Data repository scanning in 10 ms. Found 0 Redis repository interfaces.
25-12-12.15:51:39.789 [main            ] INFO  Version                - Redisson 3.23.4
25-12-12.15:51:40.131 [redisson-netty-2-4] INFO  MasterPubSubConnectionPool - 1 connections initialized for 127.0.0.1/127.0.0.1:16379
25-12-12.15:51:40.148 [redisson-netty-2-13] INFO  MasterConnectionPool   - 5 connections initialized for 127.0.0.1/127.0.0.1:16379
25-12-12.15:51:42.414 [main            ] INFO  EndpointLinksResolver  - Exposing 1 endpoint(s) beneath base path '/actuator'
25-12-12.15:51:42.515 [main            ] INFO  RaffleStrategyTest     - Started RaffleStrategyTest in 5.04 seconds (JVM running for 6.143)
25-12-12.15:57:18.277 [main            ] INFO  RuleBlackListLogicFilter - 规则过滤-黑名单 userId:CongXinn strategyId:100001 ruleModel:rule_blacklist
25-12-12.15:57:46.498 [main            ] INFO  HikariDataSource       - HikariPool-1 - Starting...
25-12-12.15:57:47.374 [main            ] INFO  HikariDataSource       - HikariPool-1 - Start completed.
25-12-12.15:59:35.849 [HikariPool-1 housekeeper] WARN  HikariPool             - HikariPool-1 - Thread starvation or clock leap detected (housekeeper delta=47s149ms479µs700ns).
25-12-12.15:59:35.893 [SpringApplicationShutdownHook] INFO  HikariDataSource       - HikariPool-1 - Shutdown initiated...
25-12-12.15:59:35.903 [SpringApplicationShutdownHook] INFO  HikariDataSource       - HikariPool-1 - Shutdown completed.
25-12-12.16:00:01.847 [main            ] INFO  RaffleStrategyTest     - Starting RaffleStrategyTest using Java 17.0.10 on LAPTOP-M7AUHHUL with PID 3984 (started by OMEN in E:\IDEA projects\big_market\big_market-app)
25-12-12.16:00:01.849 [main            ] INFO  RaffleStrategyTest     - The following 1 profile is active: "dev"
25-12-12.16:00:02.440 [main            ] INFO  RepositoryConfigurationDelegate - Multiple Spring Data modules found, entering strict repository configuration mode
25-12-12.16:00:02.444 [main            ] INFO  RepositoryConfigurationDelegate - Bootstrapping Spring Data Redis repositories in DEFAULT mode.
25-12-12.16:00:02.470 [main            ] INFO  RepositoryConfigurationDelegate - Finished Spring Data repository scanning in 10 ms. Found 0 Redis repository interfaces.
25-12-12.16:00:03.349 [main            ] INFO  Version                - Redisson 3.23.4
25-12-12.16:00:03.663 [redisson-netty-2-4] INFO  MasterPubSubConnectionPool - 1 connections initialized for 127.0.0.1/127.0.0.1:16379
25-12-12.16:00:03.677 [redisson-netty-2-13] INFO  MasterConnectionPool   - 5 connections initialized for 127.0.0.1/127.0.0.1:16379
25-12-12.16:00:05.047 [main            ] INFO  EndpointLinksResolver  - Exposing 1 endpoint(s) beneath base path '/actuator'
25-12-12.16:00:05.100 [main            ] INFO  RaffleStrategyTest     - Started RaffleStrategyTest in 3.584 seconds (JVM running for 4.223)
25-12-12.16:00:05.557 [main            ] INFO  RuleBlackListLogicFilter - 规则过滤-黑名单 userId:user003 strategyId:100001 ruleModel:rule_blacklist
25-12-12.16:00:05.583 [main            ] INFO  HikariDataSource       - HikariPool-1 - Starting...
25-12-12.16:00:05.781 [main            ] INFO  HikariDataSource       - HikariPool-1 - Start completed.
25-12-12.16:00:05.924 [main            ] INFO  RaffleStrategyTest     - 请求参数：{"strategyId":100001,"userId":"user003"}
25-12-12.16:00:05.928 [main            ] INFO  RaffleStrategyTest     - 测试结果：{"awardId":100}
25-12-12.16:00:05.955 [SpringApplicationShutdownHook] INFO  HikariDataSource       - HikariPool-1 - Shutdown initiated...
25-12-12.16:00:05.964 [SpringApplicationShutdownHook] INFO  HikariDataSource       - HikariPool-1 - Shutdown completed.
25-12-12.16:00:14.367 [main            ] INFO  RaffleStrategyTest     - Starting RaffleStrategyTest using Java 17.0.10 on LAPTOP-M7AUHHUL with PID 23468 (started by OMEN in E:\IDEA projects\big_market\big_market-app)
25-12-12.16:00:14.367 [main            ] INFO  RaffleStrategyTest     - The following 1 profile is active: "dev"
25-12-12.16:00:14.942 [main            ] INFO  RepositoryConfigurationDelegate - Multiple Spring Data modules found, entering strict repository configuration mode
25-12-12.16:00:14.945 [main            ] INFO  RepositoryConfigurationDelegate - Bootstrapping Spring Data Redis repositories in DEFAULT mode.
25-12-12.16:00:14.970 [main            ] INFO  RepositoryConfigurationDelegate - Finished Spring Data repository scanning in 11 ms. Found 0 Redis repository interfaces.
25-12-12.16:00:15.830 [main            ] INFO  Version                - Redisson 3.23.4
25-12-12.16:00:16.197 [redisson-netty-2-4] INFO  MasterPubSubConnectionPool - 1 connections initialized for 127.0.0.1/127.0.0.1:16379
25-12-12.16:00:16.213 [redisson-netty-2-13] INFO  MasterConnectionPool   - 5 connections initialized for 127.0.0.1/127.0.0.1:16379
25-12-12.16:00:17.573 [main            ] INFO  EndpointLinksResolver  - Exposing 1 endpoint(s) beneath base path '/actuator'
25-12-12.16:00:17.620 [main            ] INFO  RaffleStrategyTest     - Started RaffleStrategyTest in 3.603 seconds (JVM running for 4.24)
25-12-12.16:00:18.055 [main            ] INFO  RuleBlackListLogicFilter - 规则过滤-黑名单 userId:CongXinn strategyId:100001 ruleModel:rule_blacklist
25-12-12.16:00:18.082 [main            ] INFO  HikariDataSource       - HikariPool-1 - Starting...
25-12-12.16:00:18.294 [main            ] INFO  HikariDataSource       - HikariPool-1 - Start completed.
25-12-12.16:00:18.324 [main            ] INFO  RuleWeightLogicFilter  - 规则过滤 - 权重范围 userId:CongXinn strategyId:100001 ruleModel:rule_blacklist
25-12-12.16:00:18.328 [main            ] INFO  DefaultRaffleStrategy  - 抽奖前规则过滤 userId: CongXinn ruleModel: rule_weight,rule_blacklist code: 0001 info: 接管: 后续的流程，受规则引执行擎结果的影响
25-12-12.16:00:18.362 [SpringApplicationShutdownHook] INFO  HikariDataSource       - HikariPool-1 - Shutdown initiated...
25-12-12.16:00:18.366 [SpringApplicationShutdownHook] INFO  HikariDataSource       - HikariPool-1 - Shutdown completed.
25-12-12.16:08:50.141 [main            ] INFO  RaffleStrategyTest     - Starting RaffleStrategyTest using Java 17.0.10 on LAPTOP-M7AUHHUL with PID 4968 (started by OMEN in E:\IDEA projects\big_market\big_market-app)
25-12-12.16:08:50.142 [main            ] INFO  RaffleStrategyTest     - The following 1 profile is active: "dev"
25-12-12.16:08:50.810 [main            ] INFO  RepositoryConfigurationDelegate - Multiple Spring Data modules found, entering strict repository configuration mode
25-12-12.16:08:50.812 [main            ] INFO  RepositoryConfigurationDelegate - Bootstrapping Spring Data Redis repositories in DEFAULT mode.
25-12-12.16:08:50.835 [main            ] INFO  RepositoryConfigurationDelegate - Finished Spring Data repository scanning in 11 ms. Found 0 Redis repository interfaces.
25-12-12.16:08:51.902 [main            ] INFO  Version                - Redisson 3.23.4
25-12-12.16:08:52.250 [redisson-netty-2-4] INFO  MasterPubSubConnectionPool - 1 connections initialized for 127.0.0.1/127.0.0.1:16379
25-12-12.16:08:52.269 [redisson-netty-2-13] INFO  MasterConnectionPool   - 5 connections initialized for 127.0.0.1/127.0.0.1:16379
25-12-12.16:08:54.331 [main            ] INFO  EndpointLinksResolver  - Exposing 1 endpoint(s) beneath base path '/actuator'
25-12-12.16:08:54.416 [main            ] INFO  RaffleStrategyTest     - Started RaffleStrategyTest in 4.69 seconds (JVM running for 5.516)
25-12-12.16:09:28.215 [main            ] INFO  RuleBlackListLogicFilter - 规则过滤-黑名单 userId:CongXinn strategyId:100001 ruleModel:rule_blacklist
25-12-12.16:09:28.338 [main            ] INFO  HikariDataSource       - HikariPool-1 - Starting...
25-12-12.16:09:29.250 [main            ] INFO  HikariDataSource       - HikariPool-1 - Start completed.
25-12-12.16:10:46.653 [HikariPool-1 housekeeper] WARN  HikariPool             - HikariPool-1 - Thread starvation or clock leap detected (housekeeper delta=1m17s299ms366µs500ns).
25-12-12.16:11:02.897 [main            ] INFO  RuleWeightLogicFilter  - 规则过滤 - 权重范围 userId:CongXinn strategyId:100001 ruleModel:rule_blacklist
25-12-12.16:11:50.606 [HikariPool-1 housekeeper] WARN  HikariPool             - HikariPool-1 - Thread starvation or clock leap detected (housekeeper delta=1m3s952ms756µs600ns).
25-12-12.16:12:21.425 [main            ] INFO  DefaultRaffleStrategy  - 抽奖前规则过滤 userId: CongXinn ruleModel: rule_weight,rule_blacklist code: 0001 info: 接管: 后续的流程，受规则引执行擎结果的影响
25-12-12.16:12:21.471 [SpringApplicationShutdownHook] INFO  HikariDataSource       - HikariPool-1 - Shutdown initiated...
25-12-12.16:12:21.480 [SpringApplicationShutdownHook] INFO  HikariDataSource       - HikariPool-1 - Shutdown completed.
25-12-12.16:14:59.561 [main            ] INFO  RaffleStrategyTest     - Starting RaffleStrategyTest using Java 17.0.10 on LAPTOP-M7AUHHUL with PID 13196 (started by OMEN in E:\IDEA projects\big_market\big_market-app)
25-12-12.16:14:59.562 [main            ] INFO  RaffleStrategyTest     - The following 1 profile is active: "dev"
25-12-12.16:15:00.260 [main            ] INFO  RepositoryConfigurationDelegate - Multiple Spring Data modules found, entering strict repository configuration mode
25-12-12.16:15:00.262 [main            ] INFO  RepositoryConfigurationDelegate - Bootstrapping Spring Data Redis repositories in DEFAULT mode.
25-12-12.16:15:00.289 [main            ] INFO  RepositoryConfigurationDelegate - Finished Spring Data repository scanning in 13 ms. Found 0 Redis repository interfaces.
25-12-12.16:15:01.358 [main            ] INFO  Version                - Redisson 3.23.4
25-12-12.16:15:01.702 [redisson-netty-2-5] INFO  MasterPubSubConnectionPool - 1 connections initialized for 127.0.0.1/127.0.0.1:16379
25-12-12.16:15:01.722 [redisson-netty-2-13] INFO  MasterConnectionPool   - 5 connections initialized for 127.0.0.1/127.0.0.1:16379
25-12-12.16:15:04.021 [main            ] INFO  EndpointLinksResolver  - Exposing 1 endpoint(s) beneath base path '/actuator'
25-12-12.16:15:04.113 [main            ] INFO  RaffleStrategyTest     - Started RaffleStrategyTest in 4.949 seconds (JVM running for 5.807)
25-12-12.16:16:19.557 [main            ] INFO  RuleBlackListLogicFilter - 规则过滤-黑名单 userId:CongXinn strategyId:100001 ruleModel:rule_blacklist
25-12-12.16:16:23.041 [main            ] INFO  RaffleStrategyTest     - Starting RaffleStrategyTest using Java 17.0.10 on LAPTOP-M7AUHHUL with PID 9132 (started by OMEN in E:\IDEA projects\big_market\big_market-app)
25-12-12.16:16:23.042 [main            ] INFO  RaffleStrategyTest     - The following 1 profile is active: "dev"
25-12-12.16:16:23.698 [main            ] INFO  RepositoryConfigurationDelegate - Multiple Spring Data modules found, entering strict repository configuration mode
25-12-12.16:16:23.699 [main            ] INFO  RepositoryConfigurationDelegate - Bootstrapping Spring Data Redis repositories in DEFAULT mode.
25-12-12.16:16:23.723 [main            ] INFO  RepositoryConfigurationDelegate - Finished Spring Data repository scanning in 10 ms. Found 0 Redis repository interfaces.
25-12-12.16:16:24.699 [main            ] INFO  Version                - Redisson 3.23.4
25-12-12.16:16:25.203 [redisson-netty-2-4] INFO  MasterPubSubConnectionPool - 1 connections initialized for 127.0.0.1/127.0.0.1:16379
25-12-12.16:16:25.223 [redisson-netty-2-13] INFO  MasterConnectionPool   - 5 connections initialized for 127.0.0.1/127.0.0.1:16379
25-12-12.16:16:27.953 [main            ] INFO  EndpointLinksResolver  - Exposing 1 endpoint(s) beneath base path '/actuator'
25-12-12.16:16:28.086 [main            ] INFO  RaffleStrategyTest     - Started RaffleStrategyTest in 5.433 seconds (JVM running for 6.262)
25-12-12.16:20:41.798 [main            ] INFO  RuleBlackListLogicFilter - 规则过滤-黑名单 userId:CongXinn strategyId:100001 ruleModel:rule_blacklist
25-12-12.16:20:45.353 [main            ] INFO  RaffleStrategyTest     - Starting RaffleStrategyTest using Java 17.0.10 on LAPTOP-M7AUHHUL with PID 4968 (started by OMEN in E:\IDEA projects\big_market\big_market-app)
25-12-12.16:20:45.354 [main            ] INFO  RaffleStrategyTest     - The following 1 profile is active: "dev"
25-12-12.16:20:46.018 [main            ] INFO  RepositoryConfigurationDelegate - Multiple Spring Data modules found, entering strict repository configuration mode
25-12-12.16:20:46.020 [main            ] INFO  RepositoryConfigurationDelegate - Bootstrapping Spring Data Redis repositories in DEFAULT mode.
25-12-12.16:20:46.046 [main            ] INFO  RepositoryConfigurationDelegate - Finished Spring Data repository scanning in 12 ms. Found 0 Redis repository interfaces.
25-12-12.16:20:47.128 [main            ] INFO  Version                - Redisson 3.23.4
25-12-12.16:20:47.455 [redisson-netty-2-4] INFO  MasterPubSubConnectionPool - 1 connections initialized for 127.0.0.1/127.0.0.1:16379
25-12-12.16:20:47.475 [redisson-netty-2-13] INFO  MasterConnectionPool   - 5 connections initialized for 127.0.0.1/127.0.0.1:16379
25-12-12.16:20:49.809 [main            ] INFO  EndpointLinksResolver  - Exposing 1 endpoint(s) beneath base path '/actuator'
25-12-12.16:20:49.899 [main            ] INFO  RaffleStrategyTest     - Started RaffleStrategyTest in 4.947 seconds (JVM running for 5.68)
25-12-12.16:21:10.726 [main            ] INFO  RuleBlackListLogicFilter - 规则过滤-黑名单 userId:CongXinn strategyId:100001 ruleModel:rule_blacklist
25-12-12.16:21:10.837 [main            ] INFO  HikariDataSource       - HikariPool-1 - Starting...
25-12-12.16:21:11.735 [main            ] INFO  HikariDataSource       - HikariPool-1 - Start completed.
25-12-12.16:21:33.287 [main            ] INFO  RuleWeightLogicFilter  - 规则过滤 - 权重范围 userId:CongXinn strategyId:100001 ruleModel:rule_weight
25-12-12.16:22:01.079 [HikariPool-1 housekeeper] WARN  HikariPool             - HikariPool-1 - Thread starvation or clock leap detected (housekeeper delta=49s240ms651µs100ns).
25-12-12.16:22:46.396 [main            ] INFO  DefaultRaffleStrategy  - 抽奖前规则过滤 userId: CongXinn ruleModel: rule_weight code: 0001 info: 接管: 后续的流程，受规则引执行擎结果的影响
25-12-12.16:23:22.719 [SpringApplicationShutdownHook] INFO  HikariDataSource       - HikariPool-1 - Shutdown initiated...
25-12-12.16:23:22.730 [SpringApplicationShutdownHook] INFO  HikariDataSource       - HikariPool-1 - Shutdown completed.
25-12-12.16:23:27.183 [main            ] INFO  RaffleStrategyTest     - Starting RaffleStrategyTest using Java 17.0.10 on LAPTOP-M7AUHHUL with PID 11300 (started by OMEN in E:\IDEA projects\big_market\big_market-app)
25-12-12.16:23:27.184 [main            ] INFO  RaffleStrategyTest     - The following 1 profile is active: "dev"
25-12-12.16:23:27.774 [main            ] INFO  RepositoryConfigurationDelegate - Multiple Spring Data modules found, entering strict repository configuration mode
25-12-12.16:23:27.777 [main            ] INFO  RepositoryConfigurationDelegate - Bootstrapping Spring Data Redis repositories in DEFAULT mode.
25-12-12.16:23:27.800 [main            ] INFO  RepositoryConfigurationDelegate - Finished Spring Data repository scanning in 11 ms. Found 0 Redis repository interfaces.
25-12-12.16:23:28.688 [main            ] INFO  Version                - Redisson 3.23.4
25-12-12.16:23:29.002 [redisson-netty-2-4] INFO  MasterPubSubConnectionPool - 1 connections initialized for 127.0.0.1/127.0.0.1:16379
25-12-12.16:23:29.017 [redisson-netty-2-13] INFO  MasterConnectionPool   - 5 connections initialized for 127.0.0.1/127.0.0.1:16379
25-12-12.16:23:31.055 [main            ] INFO  EndpointLinksResolver  - Exposing 1 endpoint(s) beneath base path '/actuator'
25-12-12.16:23:31.115 [main            ] INFO  RaffleStrategyTest     - Started RaffleStrategyTest in 4.305 seconds (JVM running for 4.954)
25-12-12.16:23:31.610 [main            ] INFO  RuleBlackListLogicFilter - 规则过滤-黑名单 userId:CongXinn strategyId:100001 ruleModel:rule_blacklist
25-12-12.16:23:31.631 [main            ] INFO  HikariDataSource       - HikariPool-1 - Starting...
25-12-12.16:23:31.858 [main            ] INFO  HikariDataSource       - HikariPool-1 - Start completed.
25-12-12.16:23:31.885 [main            ] INFO  RuleWeightLogicFilter  - 规则过滤 - 权重范围 userId:CongXinn strategyId:100001 ruleModel:rule_weight
25-12-12.16:23:31.888 [main            ] INFO  DefaultRaffleStrategy  - 抽奖前规则过滤 userId: CongXinn ruleModel: rule_weight code: 0001 info: 接管: 后续的流程，受规则引执行擎结果的影响
25-12-12.16:23:31.923 [SpringApplicationShutdownHook] INFO  HikariDataSource       - HikariPool-1 - Shutdown initiated...
25-12-12.16:23:31.926 [SpringApplicationShutdownHook] INFO  HikariDataSource       - HikariPool-1 - Shutdown completed.
25-12-12.16:23:53.405 [main            ] INFO  RaffleStrategyTest     - Starting RaffleStrategyTest using Java 17.0.10 on LAPTOP-M7AUHHUL with PID 25688 (started by OMEN in E:\IDEA projects\big_market\big_market-app)
25-12-12.16:23:53.407 [main            ] INFO  RaffleStrategyTest     - The following 1 profile is active: "dev"
25-12-12.16:23:54.101 [main            ] INFO  RepositoryConfigurationDelegate - Multiple Spring Data modules found, entering strict repository configuration mode
25-12-12.16:23:54.103 [main            ] INFO  RepositoryConfigurationDelegate - Bootstrapping Spring Data Redis repositories in DEFAULT mode.
25-12-12.16:23:54.128 [main            ] INFO  RepositoryConfigurationDelegate - Finished Spring Data repository scanning in 10 ms. Found 0 Redis repository interfaces.
25-12-12.16:23:55.071 [main            ] INFO  Version                - Redisson 3.23.4
25-12-12.16:23:55.466 [redisson-netty-2-4] INFO  MasterPubSubConnectionPool - 1 connections initialized for 127.0.0.1/127.0.0.1:16379
25-12-12.16:23:55.486 [redisson-netty-2-13] INFO  MasterConnectionPool   - 5 connections initialized for 127.0.0.1/127.0.0.1:16379
25-12-12.16:23:57.776 [main            ] INFO  EndpointLinksResolver  - Exposing 1 endpoint(s) beneath base path '/actuator'
25-12-12.16:23:57.863 [main            ] INFO  RaffleStrategyTest     - Started RaffleStrategyTest in 4.853 seconds (JVM running for 5.587)
25-12-12.16:24:02.339 [main            ] INFO  RuleBlackListLogicFilter - 规则过滤-黑名单 userId:CongXinn strategyId:100001 ruleModel:rule_blacklist
25-12-12.16:24:02.371 [main            ] INFO  HikariDataSource       - HikariPool-1 - Starting...
25-12-12.16:24:02.669 [main            ] INFO  HikariDataSource       - HikariPool-1 - Start completed.
25-12-12.16:24:02.700 [main            ] INFO  RuleWeightLogicFilter  - 规则过滤 - 权重范围 userId:CongXinn strategyId:100001 ruleModel:rule_weight
25-12-12.16:24:02.704 [main            ] INFO  DefaultRaffleStrategy  - 抽奖前规则过滤 userId: CongXinn ruleModel: rule_weight code: 0001 info: 接管: 后续的流程，受规则引执行擎结果的影响
25-12-12.16:25:25.208 [SpringApplicationShutdownHook] INFO  HikariDataSource       - HikariPool-1 - Shutdown initiated...
25-12-12.16:25:25.226 [SpringApplicationShutdownHook] INFO  HikariDataSource       - HikariPool-1 - Shutdown completed.
25-12-12.16:25:36.257 [main            ] INFO  RaffleStrategyTest     - Starting RaffleStrategyTest using Java 17.0.10 on LAPTOP-M7AUHHUL with PID 18588 (started by OMEN in E:\IDEA projects\big_market\big_market-app)
25-12-12.16:25:36.258 [main            ] INFO  RaffleStrategyTest     - The following 1 profile is active: "dev"
25-12-12.16:25:36.959 [main            ] INFO  RepositoryConfigurationDelegate - Multiple Spring Data modules found, entering strict repository configuration mode
25-12-12.16:25:36.961 [main            ] INFO  RepositoryConfigurationDelegate - Bootstrapping Spring Data Redis repositories in DEFAULT mode.
25-12-12.16:25:36.985 [main            ] INFO  RepositoryConfigurationDelegate - Finished Spring Data repository scanning in 10 ms. Found 0 Redis repository interfaces.
25-12-12.16:25:38.053 [main            ] INFO  Version                - Redisson 3.23.4
25-12-12.16:25:38.371 [redisson-netty-2-4] INFO  MasterPubSubConnectionPool - 1 connections initialized for 127.0.0.1/127.0.0.1:16379
25-12-12.16:25:38.387 [redisson-netty-2-13] INFO  MasterConnectionPool   - 5 connections initialized for 127.0.0.1/127.0.0.1:16379
25-12-12.16:25:40.825 [main            ] INFO  EndpointLinksResolver  - Exposing 1 endpoint(s) beneath base path '/actuator'
25-12-12.16:25:40.932 [main            ] INFO  RaffleStrategyTest     - Started RaffleStrategyTest in 5.07 seconds (JVM running for 5.812)
25-12-12.16:25:43.166 [main            ] INFO  RuleBlackListLogicFilter - 规则过滤-黑名单 userId:CongXinn strategyId:100001 ruleModel:rule_blacklist
25-12-12.16:25:43.193 [main            ] INFO  HikariDataSource       - HikariPool-1 - Starting...
25-12-12.16:25:43.418 [main            ] INFO  HikariDataSource       - HikariPool-1 - Start completed.
25-12-12.16:25:43.449 [main            ] INFO  RuleWeightLogicFilter  - 规则过滤 - 权重范围 userId:CongXinn strategyId:100001 ruleModel:rule_weight
25-12-12.16:25:43.452 [main            ] INFO  DefaultRaffleStrategy  - 抽奖前规则过滤 userId: CongXinn ruleModel: rule_weight code: 0001 info: 接管: 后续的流程，受规则引执行擎结果的影响
25-12-12.16:25:45.487 [SpringApplicationShutdownHook] INFO  HikariDataSource       - HikariPool-1 - Shutdown initiated...
25-12-12.16:25:45.492 [SpringApplicationShutdownHook] INFO  HikariDataSource       - HikariPool-1 - Shutdown completed.
25-12-12.16:27:05.420 [main            ] INFO  StrategyArmoryDispatchTest - Starting StrategyArmoryDispatchTest using Java 17.0.10 on LAPTOP-M7AUHHUL with PID 24044 (started by OMEN in E:\IDEA projects\big_market\big_market-app)
25-12-12.16:27:05.420 [main            ] INFO  StrategyArmoryDispatchTest - The following 1 profile is active: "dev"
25-12-12.16:27:06.096 [main            ] INFO  RepositoryConfigurationDelegate - Multiple Spring Data modules found, entering strict repository configuration mode
25-12-12.16:27:06.099 [main            ] INFO  RepositoryConfigurationDelegate - Bootstrapping Spring Data Redis repositories in DEFAULT mode.
25-12-12.16:27:06.128 [main            ] INFO  RepositoryConfigurationDelegate - Finished Spring Data repository scanning in 14 ms. Found 0 Redis repository interfaces.
25-12-12.16:27:07.321 [main            ] INFO  Version                - Redisson 3.23.4
25-12-12.16:27:07.752 [redisson-netty-2-4] INFO  MasterPubSubConnectionPool - 1 connections initialized for 127.0.0.1/127.0.0.1:16379
25-12-12.16:27:07.774 [redisson-netty-2-13] INFO  MasterConnectionPool   - 5 connections initialized for 127.0.0.1/127.0.0.1:16379
25-12-12.16:27:09.996 [main            ] INFO  EndpointLinksResolver  - Exposing 1 endpoint(s) beneath base path '/actuator'
25-12-12.16:27:10.081 [main            ] INFO  StrategyArmoryDispatchTest - Started StrategyArmoryDispatchTest in 5.011 seconds (JVM running for 5.667)
25-12-12.16:27:10.871 [main            ] INFO  HikariDataSource       - HikariPool-1 - Starting...
25-12-12.16:27:11.300 [main            ] INFO  HikariDataSource       - HikariPool-1 - Start completed.
25-12-12.16:27:11.401 [main            ] INFO  StrategyArmoryDispatchTest - 测试结果: true
25-12-12.16:27:11.474 [SpringApplicationShutdownHook] INFO  HikariDataSource       - HikariPool-1 - Shutdown initiated...
25-12-12.16:27:11.494 [SpringApplicationShutdownHook] INFO  HikariDataSource       - HikariPool-1 - Shutdown completed.
25-12-12.16:27:58.933 [main            ] INFO  RaffleStrategyTest     - Starting RaffleStrategyTest using Java 17.0.10 on LAPTOP-M7AUHHUL with PID 4948 (started by OMEN in E:\IDEA projects\big_market\big_market-app)
25-12-12.16:27:58.934 [main            ] INFO  RaffleStrategyTest     - The following 1 profile is active: "dev"
25-12-12.16:27:59.598 [main            ] INFO  RepositoryConfigurationDelegate - Multiple Spring Data modules found, entering strict repository configuration mode
25-12-12.16:27:59.600 [main            ] INFO  RepositoryConfigurationDelegate - Bootstrapping Spring Data Redis repositories in DEFAULT mode.
25-12-12.16:27:59.627 [main            ] INFO  RepositoryConfigurationDelegate - Finished Spring Data repository scanning in 13 ms. Found 0 Redis repository interfaces.
25-12-12.16:28:00.559 [main            ] INFO  Version                - Redisson 3.23.4
25-12-12.16:28:00.871 [redisson-netty-2-4] INFO  MasterPubSubConnectionPool - 1 connections initialized for 127.0.0.1/127.0.0.1:16379
25-12-12.16:28:00.886 [redisson-netty-2-13] INFO  MasterConnectionPool   - 5 connections initialized for 127.0.0.1/127.0.0.1:16379
25-12-12.16:28:02.458 [main            ] INFO  EndpointLinksResolver  - Exposing 1 endpoint(s) beneath base path '/actuator'
25-12-12.16:28:02.518 [main            ] INFO  RaffleStrategyTest     - Started RaffleStrategyTest in 3.928 seconds (JVM running for 4.593)
25-12-12.16:28:04.849 [main            ] INFO  RaffleStrategyTest     - Starting RaffleStrategyTest using Java 17.0.10 on LAPTOP-M7AUHHUL with PID 23244 (started by OMEN in E:\IDEA projects\big_market\big_market-app)
25-12-12.16:28:04.850 [main            ] INFO  RaffleStrategyTest     - The following 1 profile is active: "dev"
25-12-12.16:28:05.515 [main            ] INFO  RepositoryConfigurationDelegate - Multiple Spring Data modules found, entering strict repository configuration mode
25-12-12.16:28:05.517 [main            ] INFO  RepositoryConfigurationDelegate - Bootstrapping Spring Data Redis repositories in DEFAULT mode.
25-12-12.16:28:05.547 [main            ] INFO  RepositoryConfigurationDelegate - Finished Spring Data repository scanning in 14 ms. Found 0 Redis repository interfaces.
25-12-12.16:28:06.685 [main            ] INFO  Version                - Redisson 3.23.4
25-12-12.16:28:07.061 [redisson-netty-2-4] INFO  MasterPubSubConnectionPool - 1 connections initialized for 127.0.0.1/127.0.0.1:16379
25-12-12.16:28:07.079 [redisson-netty-2-13] INFO  MasterConnectionPool   - 5 connections initialized for 127.0.0.1/127.0.0.1:16379
25-12-12.16:28:09.883 [main            ] INFO  EndpointLinksResolver  - Exposing 1 endpoint(s) beneath base path '/actuator'
25-12-12.16:28:09.992 [main            ] INFO  RaffleStrategyTest     - Started RaffleStrategyTest in 5.544 seconds (JVM running for 6.346)
25-12-12.16:29:07.361 [main            ] INFO  RuleBlackListLogicFilter - 规则过滤-黑名单 userId:CongXinn strategyId:100001 ruleModel:rule_blacklist
25-12-12.16:29:07.399 [main            ] INFO  HikariDataSource       - HikariPool-1 - Starting...
25-12-12.16:29:07.631 [main            ] INFO  HikariDataSource       - HikariPool-1 - Start completed.
25-12-12.16:29:07.658 [main            ] INFO  RuleWeightLogicFilter  - 规则过滤 - 权重范围 userId:CongXinn strategyId:100001 ruleModel:rule_weight
25-12-12.16:29:07.662 [main            ] INFO  DefaultRaffleStrategy  - 抽奖前规则过滤 userId: CongXinn ruleModel: rule_weight code: 0001 info: 接管: 后续的流程，受规则引执行擎结果的影响
25-12-12.16:29:40.566 [SpringApplicationShutdownHook] INFO  HikariDataSource       - HikariPool-1 - Shutdown initiated...
25-12-12.16:29:40.584 [SpringApplicationShutdownHook] INFO  HikariDataSource       - HikariPool-1 - Shutdown completed.
25-12-12.16:31:08.606 [main            ] INFO  RaffleStrategyTest     - Starting RaffleStrategyTest using Java 17.0.10 on LAPTOP-M7AUHHUL with PID 3296 (started by OMEN in E:\IDEA projects\big_market\big_market-app)
25-12-12.16:31:08.607 [main            ] INFO  RaffleStrategyTest     - The following 1 profile is active: "dev"
25-12-12.16:31:09.248 [main            ] INFO  RepositoryConfigurationDelegate - Multiple Spring Data modules found, entering strict repository configuration mode
25-12-12.16:31:09.251 [main            ] INFO  RepositoryConfigurationDelegate - Bootstrapping Spring Data Redis repositories in DEFAULT mode.
25-12-12.16:31:09.275 [main            ] INFO  RepositoryConfigurationDelegate - Finished Spring Data repository scanning in 11 ms. Found 0 Redis repository interfaces.
25-12-12.16:31:10.359 [main            ] INFO  Version                - Redisson 3.23.4
25-12-12.16:31:10.697 [redisson-netty-2-4] INFO  MasterPubSubConnectionPool - 1 connections initialized for 127.0.0.1/127.0.0.1:16379
25-12-12.16:31:10.717 [redisson-netty-2-13] INFO  MasterConnectionPool   - 5 connections initialized for 127.0.0.1/127.0.0.1:16379
25-12-12.16:31:13.165 [main            ] INFO  EndpointLinksResolver  - Exposing 1 endpoint(s) beneath base path '/actuator'
25-12-12.16:31:13.256 [main            ] INFO  RaffleStrategyTest     - Started RaffleStrategyTest in 5.065 seconds (JVM running for 5.882)
25-12-12.16:31:15.919 [main            ] INFO  RuleBlackListLogicFilter - 规则过滤-黑名单 userId:CongXinn strategyId:100001 ruleModel:rule_blacklist
25-12-12.16:31:15.947 [main            ] INFO  HikariDataSource       - HikariPool-1 - Starting...
25-12-12.16:31:16.179 [main            ] INFO  HikariDataSource       - HikariPool-1 - Start completed.
25-12-12.16:31:16.207 [main            ] INFO  RuleWeightLogicFilter  - 规则过滤 - 权重范围 userId:CongXinn strategyId:100001 ruleModel:rule_weight
25-12-12.16:31:16.212 [main            ] INFO  DefaultRaffleStrategy  - 抽奖前规则过滤 userId: CongXinn ruleModel: rule_weight code: 0001 info: 接管: 后续的流程，受规则引执行擎结果的影响
25-12-12.16:33:01.462 [HikariPool-1 housekeeper] WARN  HikariPool             - HikariPool-1 - Thread starvation or clock leap detected (housekeeper delta=1m40s403ms951µs).
25-12-12.16:33:01.505 [SpringApplicationShutdownHook] INFO  HikariDataSource       - HikariPool-1 - Shutdown initiated...
25-12-12.16:33:01.521 [SpringApplicationShutdownHook] INFO  HikariDataSource       - HikariPool-1 - Shutdown completed.
25-12-12.16:33:04.853 [main            ] INFO  RaffleStrategyTest     - Starting RaffleStrategyTest using Java 17.0.10 on LAPTOP-M7AUHHUL with PID 25180 (started by OMEN in E:\IDEA projects\big_market\big_market-app)
25-12-12.16:33:04.854 [main            ] INFO  RaffleStrategyTest     - The following 1 profile is active: "dev"
25-12-12.16:33:05.516 [main            ] INFO  RepositoryConfigurationDelegate - Multiple Spring Data modules found, entering strict repository configuration mode
25-12-12.16:33:05.521 [main            ] INFO  RepositoryConfigurationDelegate - Bootstrapping Spring Data Redis repositories in DEFAULT mode.
25-12-12.16:33:05.547 [main            ] INFO  RepositoryConfigurationDelegate - Finished Spring Data repository scanning in 12 ms. Found 0 Redis repository interfaces.
25-12-12.16:33:06.595 [main            ] INFO  Version                - Redisson 3.23.4
25-12-12.16:33:06.917 [redisson-netty-2-4] INFO  MasterPubSubConnectionPool - 1 connections initialized for 127.0.0.1/127.0.0.1:16379
25-12-12.16:33:06.934 [redisson-netty-2-13] INFO  MasterConnectionPool   - 5 connections initialized for 127.0.0.1/127.0.0.1:16379
25-12-12.16:33:09.275 [main            ] INFO  EndpointLinksResolver  - Exposing 1 endpoint(s) beneath base path '/actuator'
25-12-12.16:33:09.391 [main            ] INFO  RaffleStrategyTest     - Started RaffleStrategyTest in 4.955 seconds (JVM running for 5.707)
25-12-12.16:33:11.163 [main            ] INFO  RuleBlackListLogicFilter - 规则过滤-黑名单 userId:CongXinn strategyId:100001 ruleModel:rule_blacklist
25-12-12.16:33:11.194 [main            ] INFO  HikariDataSource       - HikariPool-1 - Starting...
25-12-12.16:33:11.423 [main            ] INFO  HikariDataSource       - HikariPool-1 - Start completed.
25-12-12.16:33:11.452 [main            ] INFO  RuleWeightLogicFilter  - 规则过滤 - 权重范围 userId:CongXinn strategyId:100001 ruleModel:rule_weight
25-12-12.16:33:11.456 [main            ] INFO  DefaultRaffleStrategy  - 抽奖前规则过滤 userId: CongXinn ruleModel: rule_weight code: 0001 info: 接管: 后续的流程，受规则引执行擎结果的影响
25-12-12.16:33:33.367 [SpringApplicationShutdownHook] INFO  HikariDataSource       - HikariPool-1 - Shutdown initiated...
25-12-12.16:33:33.392 [SpringApplicationShutdownHook] INFO  HikariDataSource       - HikariPool-1 - Shutdown completed.
25-12-12.16:33:35.590 [main            ] INFO  RaffleStrategyTest     - Starting RaffleStrategyTest using Java 17.0.10 on LAPTOP-M7AUHHUL with PID 21108 (started by OMEN in E:\IDEA projects\big_market\big_market-app)
25-12-12.16:33:35.592 [main            ] INFO  RaffleStrategyTest     - The following 1 profile is active: "dev"
25-12-12.16:33:36.259 [main            ] INFO  RepositoryConfigurationDelegate - Multiple Spring Data modules found, entering strict repository configuration mode
25-12-12.16:33:36.262 [main            ] INFO  RepositoryConfigurationDelegate - Bootstrapping Spring Data Redis repositories in DEFAULT mode.
25-12-12.16:33:36.287 [main            ] INFO  RepositoryConfigurationDelegate - Finished Spring Data repository scanning in 10 ms. Found 0 Redis repository interfaces.
25-12-12.16:33:37.336 [main            ] INFO  Version                - Redisson 3.23.4
25-12-12.16:33:37.699 [redisson-netty-2-4] INFO  MasterPubSubConnectionPool - 1 connections initialized for 127.0.0.1/127.0.0.1:16379
25-12-12.16:33:37.714 [redisson-netty-2-13] INFO  MasterConnectionPool   - 5 connections initialized for 127.0.0.1/127.0.0.1:16379
25-12-12.16:33:40.138 [main            ] INFO  EndpointLinksResolver  - Exposing 1 endpoint(s) beneath base path '/actuator'
25-12-12.16:33:40.257 [main            ] INFO  RaffleStrategyTest     - Started RaffleStrategyTest in 5.053 seconds (JVM running for 5.907)
25-12-12.16:33:42.870 [main            ] INFO  RuleBlackListLogicFilter - 规则过滤-黑名单 userId:CongXinn strategyId:100001 ruleModel:rule_blacklist
25-12-12.16:33:42.899 [main            ] INFO  HikariDataSource       - HikariPool-1 - Starting...
25-12-12.16:33:43.123 [main            ] INFO  HikariDataSource       - HikariPool-1 - Start completed.
25-12-12.16:33:43.151 [main            ] INFO  RuleWeightLogicFilter  - 规则过滤 - 权重范围 userId:CongXinn strategyId:100001 ruleModel:rule_weight
25-12-12.16:33:43.155 [main            ] INFO  DefaultRaffleStrategy  - 抽奖前规则过滤 userId: CongXinn ruleModel: rule_weight code: 0001 info: 接管: 后续的流程，受规则引执行擎结果的影响
25-12-12.16:34:22.645 [SpringApplicationShutdownHook] INFO  HikariDataSource       - HikariPool-1 - Shutdown initiated...
25-12-12.16:34:22.658 [SpringApplicationShutdownHook] INFO  HikariDataSource       - HikariPool-1 - Shutdown completed.
25-12-12.16:34:25.078 [main            ] INFO  RaffleStrategyTest     - Starting RaffleStrategyTest using Java 17.0.10 on LAPTOP-M7AUHHUL with PID 21740 (started by OMEN in E:\IDEA projects\big_market\big_market-app)
25-12-12.16:34:25.078 [main            ] INFO  RaffleStrategyTest     - The following 1 profile is active: "dev"
25-12-12.16:34:25.745 [main            ] INFO  RepositoryConfigurationDelegate - Multiple Spring Data modules found, entering strict repository configuration mode
25-12-12.16:34:25.747 [main            ] INFO  RepositoryConfigurationDelegate - Bootstrapping Spring Data Redis repositories in DEFAULT mode.
25-12-12.16:34:25.776 [main            ] INFO  RepositoryConfigurationDelegate - Finished Spring Data repository scanning in 14 ms. Found 0 Redis repository interfaces.
25-12-12.16:34:26.788 [main            ] INFO  Version                - Redisson 3.23.4
25-12-12.16:34:27.119 [redisson-netty-2-5] INFO  MasterPubSubConnectionPool - 1 connections initialized for 127.0.0.1/127.0.0.1:16379
25-12-12.16:34:27.139 [redisson-netty-2-13] INFO  MasterConnectionPool   - 5 connections initialized for 127.0.0.1/127.0.0.1:16379
25-12-12.16:34:29.748 [main            ] INFO  EndpointLinksResolver  - Exposing 1 endpoint(s) beneath base path '/actuator'
25-12-12.16:34:29.870 [main            ] INFO  RaffleStrategyTest     - Started RaffleStrategyTest in 5.228 seconds (JVM running for 6.234)
25-12-12.16:34:31.789 [main            ] INFO  RuleBlackListLogicFilter - 规则过滤-黑名单 userId:CongXinn strategyId:100001 ruleModel:rule_blacklist
25-12-12.16:34:31.823 [main            ] INFO  HikariDataSource       - HikariPool-1 - Starting...
25-12-12.16:34:32.068 [main            ] INFO  HikariDataSource       - HikariPool-1 - Start completed.
25-12-12.16:34:32.097 [main            ] INFO  RuleWeightLogicFilter  - 规则过滤 - 权重范围 userId:CongXinn strategyId:100001 ruleModel:rule_weight
25-12-12.16:34:32.100 [main            ] INFO  DefaultRaffleStrategy  - 抽奖前规则过滤 userId: CongXinn ruleModel: rule_weight code: 0001 info: 接管: 后续的流程，受规则引执行擎结果的影响
25-12-12.16:36:08.761 [HikariPool-1 housekeeper] WARN  HikariPool             - HikariPool-1 - Thread starvation or clock leap detected (housekeeper delta=2m6s692ms351µs500ns).
25-12-12.16:40:57.478 [HikariPool-1 housekeeper] WARN  HikariPool             - HikariPool-1 - Thread starvation or clock leap detected (housekeeper delta=4m48s717ms542µs100ns).
25-12-12.16:40:57.533 [SpringApplicationShutdownHook] INFO  HikariDataSource       - HikariPool-1 - Shutdown initiated...
25-12-12.16:40:57.540 [SpringApplicationShutdownHook] INFO  HikariDataSource       - HikariPool-1 - Shutdown completed.
25-12-12.16:46:59.509 [main            ] INFO  RaffleStrategyTest     - Starting RaffleStrategyTest using Java 17.0.10 on LAPTOP-M7AUHHUL with PID 20416 (started by OMEN in E:\IDEA projects\big_market\big_market-app)
25-12-12.16:46:59.511 [main            ] INFO  RaffleStrategyTest     - The following 1 profile is active: "dev"
25-12-12.16:47:00.157 [main            ] INFO  RepositoryConfigurationDelegate - Multiple Spring Data modules found, entering strict repository configuration mode
25-12-12.16:47:00.160 [main            ] INFO  RepositoryConfigurationDelegate - Bootstrapping Spring Data Redis repositories in DEFAULT mode.
25-12-12.16:47:00.186 [main            ] INFO  RepositoryConfigurationDelegate - Finished Spring Data repository scanning in 12 ms. Found 0 Redis repository interfaces.
25-12-12.16:47:01.095 [main            ] INFO  Version                - Redisson 3.23.4
25-12-12.16:47:01.388 [redisson-netty-2-4] INFO  MasterPubSubConnectionPool - 1 connections initialized for 127.0.0.1/127.0.0.1:16379
25-12-12.16:47:01.402 [redisson-netty-2-13] INFO  MasterConnectionPool   - 5 connections initialized for 127.0.0.1/127.0.0.1:16379
25-12-12.16:47:02.847 [main            ] INFO  EndpointLinksResolver  - Exposing 1 endpoint(s) beneath base path '/actuator'
25-12-12.16:47:02.903 [main            ] INFO  RaffleStrategyTest     - Started RaffleStrategyTest in 3.78 seconds (JVM running for 4.452)
25-12-12.16:47:03.330 [main            ] INFO  RuleBlackListLogicFilter - 规则过滤-黑名单 userId:CongXinn strategyId:100001 ruleModel:rule_blacklist
25-12-12.16:47:03.350 [main            ] INFO  HikariDataSource       - HikariPool-1 - Starting...
25-12-12.16:47:03.554 [main            ] INFO  HikariDataSource       - HikariPool-1 - Start completed.
25-12-12.16:47:03.580 [main            ] INFO  RuleWeightLogicFilter  - 规则过滤 - 权重范围 userId:CongXinn strategyId:100001 ruleModel:rule_weight
25-12-12.16:47:03.583 [main            ] INFO  DefaultRaffleStrategy  - 抽奖前规则过滤 userId: CongXinn ruleModel: rule_weight code: 0001 info: 接管: 后续的流程，受规则引执行擎结果的影响
25-12-12.16:47:03.611 [SpringApplicationShutdownHook] INFO  HikariDataSource       - HikariPool-1 - Shutdown initiated...
25-12-12.16:47:03.614 [SpringApplicationShutdownHook] INFO  HikariDataSource       - HikariPool-1 - Shutdown completed.
25-12-12.17:00:51.990 [main            ] INFO  RaffleStrategyTest     - Starting RaffleStrategyTest using Java 17.0.10 on LAPTOP-M7AUHHUL with PID 25364 (started by OMEN in E:\IDEA projects\big_market\big_market-app)
25-12-12.17:00:51.991 [main            ] INFO  RaffleStrategyTest     - The following 1 profile is active: "dev"
25-12-12.17:00:52.588 [main            ] INFO  RepositoryConfigurationDelegate - Multiple Spring Data modules found, entering strict repository configuration mode
25-12-12.17:00:52.590 [main            ] INFO  RepositoryConfigurationDelegate - Bootstrapping Spring Data Redis repositories in DEFAULT mode.
25-12-12.17:00:52.615 [main            ] INFO  RepositoryConfigurationDelegate - Finished Spring Data repository scanning in 11 ms. Found 0 Redis repository interfaces.
25-12-12.17:00:53.525 [main            ] INFO  Version                - Redisson 3.23.4
25-12-12.17:00:53.833 [redisson-netty-2-5] INFO  MasterPubSubConnectionPool - 1 connections initialized for 127.0.0.1/127.0.0.1:16379
25-12-12.17:00:53.851 [redisson-netty-2-13] INFO  MasterConnectionPool   - 5 connections initialized for 127.0.0.1/127.0.0.1:16379
25-12-12.17:00:56.353 [main            ] INFO  EndpointLinksResolver  - Exposing 1 endpoint(s) beneath base path '/actuator'
25-12-12.17:00:56.462 [main            ] INFO  RaffleStrategyTest     - Started RaffleStrategyTest in 4.851 seconds (JVM running for 5.693)
25-12-12.17:02:00.623 [main            ] INFO  RaffleStrategyTest     - Starting RaffleStrategyTest using Java 17.0.10 on LAPTOP-M7AUHHUL with PID 26616 (started by OMEN in E:\IDEA projects\big_market\big_market-app)
25-12-12.17:02:00.624 [main            ] INFO  RaffleStrategyTest     - The following 1 profile is active: "dev"
25-12-12.17:02:01.228 [main            ] INFO  RepositoryConfigurationDelegate - Multiple Spring Data modules found, entering strict repository configuration mode
25-12-12.17:02:01.231 [main            ] INFO  RepositoryConfigurationDelegate - Bootstrapping Spring Data Redis repositories in DEFAULT mode.
25-12-12.17:02:01.254 [main            ] INFO  RepositoryConfigurationDelegate - Finished Spring Data repository scanning in 10 ms. Found 0 Redis repository interfaces.
25-12-12.17:02:02.226 [main            ] INFO  Version                - Redisson 3.23.4
25-12-12.17:02:02.546 [redisson-netty-2-4] INFO  MasterPubSubConnectionPool - 1 connections initialized for 127.0.0.1/127.0.0.1:16379
25-12-12.17:02:02.562 [redisson-netty-2-13] INFO  MasterConnectionPool   - 5 connections initialized for 127.0.0.1/127.0.0.1:16379
25-12-12.17:02:04.952 [main            ] INFO  EndpointLinksResolver  - Exposing 1 endpoint(s) beneath base path '/actuator'
25-12-12.17:02:05.101 [main            ] INFO  RaffleStrategyTest     - Started RaffleStrategyTest in 4.925 seconds (JVM running for 5.717)
25-12-12.18:25:14.897 [main            ] INFO  HikariDataSource       - HikariPool-1 - Starting...
25-12-12.18:25:15.905 [main            ] INFO  HikariDataSource       - HikariPool-1 - Start completed.
25-12-12.18:32:24.067 [HikariPool-1 housekeeper] WARN  HikariPool             - HikariPool-1 - Thread starvation or clock leap detected (housekeeper delta=6m30s301ms481µs600ns).
25-12-12.18:37:58.785 [HikariPool-1 housekeeper] WARN  HikariPool             - HikariPool-1 - Thread starvation or clock leap detected (housekeeper delta=5m4s535ms118µs700ns).
25-12-12.18:56:25.631 [HikariPool-1 housekeeper] WARN  HikariPool             - HikariPool-1 - Thread starvation or clock leap detected (housekeeper delta=18m26s840ms176µs399ns).
25-12-12.18:57:22.925 [HikariPool-1 housekeeper] WARN  HikariPool             - HikariPool-1 - Thread starvation or clock leap detected (housekeeper delta=57s297ms556µs101ns).
25-12-12.18:57:23.149 [SpringApplicationShutdownHook] INFO  HikariDataSource       - HikariPool-1 - Shutdown initiated...
25-12-12.18:57:23.220 [SpringApplicationShutdownHook] INFO  HikariDataSource       - HikariPool-1 - Shutdown completed.
25-12-12.18:57:27.710 [main            ] INFO  RaffleStrategyTest     - Starting RaffleStrategyTest using Java 17.0.10 on LAPTOP-M7AUHHUL with PID 20520 (started by OMEN in E:\IDEA projects\big_market\big_market-app)
25-12-12.18:57:27.712 [main            ] INFO  RaffleStrategyTest     - The following 1 profile is active: "dev"
25-12-12.18:57:28.496 [main            ] INFO  RepositoryConfigurationDelegate - Multiple Spring Data modules found, entering strict repository configuration mode
25-12-12.18:57:28.496 [main            ] INFO  RepositoryConfigurationDelegate - Bootstrapping Spring Data Redis repositories in DEFAULT mode.
25-12-12.18:57:28.527 [main            ] INFO  RepositoryConfigurationDelegate - Finished Spring Data repository scanning in 12 ms. Found 0 Redis repository interfaces.
25-12-12.18:57:29.697 [main            ] INFO  Version                - Redisson 3.23.4
25-12-12.18:57:30.076 [redisson-netty-2-5] INFO  MasterPubSubConnectionPool - 1 connections initialized for 127.0.0.1/127.0.0.1:16379
25-12-12.18:57:30.099 [redisson-netty-2-13] INFO  MasterConnectionPool   - 5 connections initialized for 127.0.0.1/127.0.0.1:16379
25-12-12.18:57:31.789 [main            ] INFO  EndpointLinksResolver  - Exposing 1 endpoint(s) beneath base path '/actuator'
25-12-12.18:57:31.845 [main            ] INFO  RaffleStrategyTest     - Started RaffleStrategyTest in 4.564 seconds (JVM running for 5.617)
25-12-12.18:58:09.873 [main            ] INFO  HikariDataSource       - HikariPool-1 - Starting...
25-12-12.18:58:12.157 [main            ] INFO  RaffleStrategyTest     - Starting RaffleStrategyTest using Java 17.0.10 on LAPTOP-M7AUHHUL with PID 20140 (started by OMEN in E:\IDEA projects\big_market\big_market-app)
25-12-12.18:58:12.157 [main            ] INFO  RaffleStrategyTest     - The following 1 profile is active: "dev"
25-12-12.18:58:12.724 [main            ] INFO  RepositoryConfigurationDelegate - Multiple Spring Data modules found, entering strict repository configuration mode
25-12-12.18:58:12.724 [main            ] INFO  RepositoryConfigurationDelegate - Bootstrapping Spring Data Redis repositories in DEFAULT mode.
25-12-12.18:58:12.747 [main            ] INFO  RepositoryConfigurationDelegate - Finished Spring Data repository scanning in 12 ms. Found 0 Redis repository interfaces.
25-12-12.18:58:13.595 [main            ] INFO  Version                - Redisson 3.23.4
25-12-12.18:58:13.888 [redisson-netty-2-4] INFO  MasterPubSubConnectionPool - 1 connections initialized for 127.0.0.1/127.0.0.1:16379
25-12-12.18:58:13.902 [redisson-netty-2-13] INFO  MasterConnectionPool   - 5 connections initialized for 127.0.0.1/127.0.0.1:16379
25-12-12.18:58:15.170 [main            ] INFO  EndpointLinksResolver  - Exposing 1 endpoint(s) beneath base path '/actuator'
25-12-12.18:58:15.221 [main            ] INFO  RaffleStrategyTest     - Started RaffleStrategyTest in 3.404 seconds (JVM running for 4.148)
25-12-12.18:58:15.607 [main            ] INFO  HikariDataSource       - HikariPool-1 - Starting...
25-12-12.18:58:15.891 [main            ] INFO  HikariDataSource       - HikariPool-1 - Start completed.
25-12-12.18:58:16.132 [main            ] INFO  RaffleStrategyTest     - 测试结果：true
25-12-12.18:58:16.144 [main            ] INFO  RuleBlackListLogicFilter - 规则过滤-黑名单 userId:CongXinn strategyId:100001 ruleModel:rule_blacklist
25-12-12.18:58:16.169 [main            ] INFO  RuleWeightLogicFilter  - 规则过滤 - 权重范围 userId:CongXinn strategyId:100001 ruleModel:rule_weight
25-12-12.18:58:16.173 [main            ] INFO  DefaultRaffleStrategy  - 抽奖前规则过滤 userId: CongXinn ruleModel: rule_weight code: 0001 info: 接管: 后续的流程，受规则引执行擎结果的影响
25-12-12.18:58:16.212 [SpringApplicationShutdownHook] INFO  HikariDataSource       - HikariPool-1 - Shutdown initiated...
25-12-12.18:58:16.225 [SpringApplicationShutdownHook] INFO  HikariDataSource       - HikariPool-1 - Shutdown completed.
25-12-12.19:18:19.540 [main            ] INFO  RaffleStrategyTest     - Starting RaffleStrategyTest using Java 17.0.10 on LAPTOP-M7AUHHUL with PID 21368 (started by OMEN in E:\IDEA projects\big_market\big_market-app)
25-12-12.19:18:19.541 [main            ] INFO  RaffleStrategyTest     - The following 1 profile is active: "dev"
25-12-12.19:18:20.193 [main            ] INFO  RepositoryConfigurationDelegate - Multiple Spring Data modules found, entering strict repository configuration mode
25-12-12.19:18:20.197 [main            ] INFO  RepositoryConfigurationDelegate - Bootstrapping Spring Data Redis repositories in DEFAULT mode.
25-12-12.19:18:20.220 [main            ] INFO  RepositoryConfigurationDelegate - Finished Spring Data repository scanning in 9 ms. Found 0 Redis repository interfaces.
25-12-12.19:18:21.252 [main            ] INFO  Version                - Redisson 3.23.4
25-12-12.19:18:21.579 [redisson-netty-2-5] INFO  MasterPubSubConnectionPool - 1 connections initialized for 127.0.0.1/127.0.0.1:16379
25-12-12.19:18:21.596 [redisson-netty-2-13] INFO  MasterConnectionPool   - 5 connections initialized for 127.0.0.1/127.0.0.1:16379
25-12-12.19:18:22.673 [main            ] INFO  EndpointLinksResolver  - Exposing 1 endpoint(s) beneath base path '/actuator'
25-12-12.19:18:22.714 [main            ] INFO  RaffleStrategyTest     - Started RaffleStrategyTest in 3.558 seconds (JVM running for 4.376)
25-12-12.19:18:23.299 [main            ] INFO  StrategyRepository     - storeStrategyAwardSearchTables set key: big_market_strategy_rate_range_key_100001
25-12-12.19:18:23.407 [main            ] INFO  HikariDataSource       - HikariPool-1 - Starting...
25-12-12.19:18:23.722 [main            ] INFO  HikariDataSource       - HikariPool-1 - Start completed.
25-12-12.19:18:23.759 [main            ] INFO  StrategyRepository     - storeStrategyAwardSearchTables set key: big_market_strategy_rate_range_key_100001_4000:102,103,104,105
25-12-12.19:18:23.761 [main            ] INFO  StrategyRepository     - storeStrategyAwardSearchTables set key: big_market_strategy_rate_range_key_100001_5000:102,103,104,105,106,107
25-12-12.19:18:23.765 [main            ] INFO  StrategyRepository     - storeStrategyAwardSearchTables set key: big_market_strategy_rate_range_key_100001_6000:102,103,104,105,106,107,108,109
25-12-12.19:18:23.778 [main            ] INFO  RaffleStrategyTest     - 测试结果：true
25-12-12.19:18:23.783 [main            ] INFO  RuleBlackListLogicFilter - 规则过滤-黑名单 userId:CongXinn strategyId:100001 ruleModel:rule_blacklist
25-12-12.19:18:23.802 [main            ] INFO  RuleWeightLogicFilter  - 规则过滤 - 权重范围 userId:CongXinn strategyId:100001 ruleModel:rule_weight
25-12-12.19:18:23.805 [main            ] INFO  DefaultRaffleStrategy  - 抽奖前规则过滤 userId: CongXinn ruleModel: rule_weight code: 0001 info: 接管: 后续的流程，受规则引执行擎结果的影响
25-12-12.19:18:23.805 [main            ] INFO  StrategyRepository     - getRateRange get key: big_market_strategy_rate_range_key_100001_102,103,104,105, value: {}
25-12-12.19:18:23.837 [SpringApplicationShutdownHook] INFO  HikariDataSource       - HikariPool-1 - Shutdown initiated...
25-12-12.19:18:23.857 [SpringApplicationShutdownHook] INFO  HikariDataSource       - HikariPool-1 - Shutdown completed.
25-12-12.19:21:18.633 [main            ] INFO  RaffleStrategyTest     - Starting RaffleStrategyTest using Java 17.0.10 on LAPTOP-M7AUHHUL with PID 27404 (started by OMEN in E:\IDEA projects\big_market\big_market-app)
25-12-12.19:21:18.634 [main            ] INFO  RaffleStrategyTest     - The following 1 profile is active: "dev"
25-12-12.19:21:19.270 [main            ] INFO  RepositoryConfigurationDelegate - Multiple Spring Data modules found, entering strict repository configuration mode
25-12-12.19:21:19.273 [main            ] INFO  RepositoryConfigurationDelegate - Bootstrapping Spring Data Redis repositories in DEFAULT mode.
25-12-12.19:21:19.297 [main            ] INFO  RepositoryConfigurationDelegate - Finished Spring Data repository scanning in 11 ms. Found 0 Redis repository interfaces.
25-12-12.19:21:20.215 [main            ] INFO  Version                - Redisson 3.23.4
25-12-12.19:21:20.548 [redisson-netty-2-4] INFO  MasterPubSubConnectionPool - 1 connections initialized for 127.0.0.1/127.0.0.1:16379
25-12-12.19:21:20.570 [redisson-netty-2-13] INFO  MasterConnectionPool   - 5 connections initialized for 127.0.0.1/127.0.0.1:16379
25-12-12.19:21:21.656 [main            ] INFO  EndpointLinksResolver  - Exposing 1 endpoint(s) beneath base path '/actuator'
25-12-12.19:21:21.705 [main            ] INFO  RaffleStrategyTest     - Started RaffleStrategyTest in 3.427 seconds (JVM running for 4.206)
25-12-12.19:21:22.210 [main            ] INFO  StrategyRepository     - storeStrategyAwardSearchTables set key: big_market_strategy_rate_range_key_100001
25-12-12.19:21:22.303 [main            ] INFO  HikariDataSource       - HikariPool-1 - Starting...
25-12-12.19:21:22.588 [main            ] INFO  HikariDataSource       - HikariPool-1 - Start completed.
25-12-12.19:21:22.624 [main            ] INFO  StrategyRepository     - storeStrategyAwardSearchTables set key: big_market_strategy_rate_range_key_100001_4000:102,103,104,105
25-12-12.19:21:22.627 [main            ] INFO  StrategyRepository     - storeStrategyAwardSearchTables set key: big_market_strategy_rate_range_key_100001_5000:102,103,104,105,106,107
25-12-12.19:21:22.632 [main            ] INFO  StrategyRepository     - storeStrategyAwardSearchTables set key: big_market_strategy_rate_range_key_100001_6000:102,103,104,105,106,107,108,109
25-12-12.19:21:22.648 [main            ] INFO  RaffleStrategyTest     - 测试结果：true
25-12-12.19:21:22.653 [main            ] INFO  RuleBlackListLogicFilter - 规则过滤-黑名单 userId:CongXinn strategyId:100001 ruleModel:rule_blacklist
25-12-12.19:21:22.671 [main            ] INFO  RuleWeightLogicFilter  - 规则过滤 - 权重范围 userId:CongXinn strategyId:100001 ruleModel:rule_weight
25-12-12.19:21:22.675 [main            ] INFO  DefaultRaffleStrategy  - 抽奖前规则过滤 userId: CongXinn ruleModel: rule_weight code: 0001 info: 接管: 后续的流程，受规则引执行擎结果的影响
25-12-12.19:21:22.676 [main            ] INFO  StrategyRepository     - getRateRange get key: big_market_strategy_rate_range_key_100001_4000:102,103,104,105, value: {}
25-12-12.19:21:22.844 [main            ] INFO  RaffleStrategyTest     - 请求参数：{"awardId":105}
25-12-12.19:21:22.844 [main            ] INFO  RaffleStrategyTest     - 测试结果：{"awardId":105}
25-12-12.19:21:22.886 [SpringApplicationShutdownHook] INFO  HikariDataSource       - HikariPool-1 - Shutdown initiated...
25-12-12.19:21:22.898 [SpringApplicationShutdownHook] INFO  HikariDataSource       - HikariPool-1 - Shutdown completed.
25-12-12.19:21:38.483 [main            ] INFO  RaffleStrategyTest     - Starting RaffleStrategyTest using Java 17.0.10 on LAPTOP-M7AUHHUL with PID 9552 (started by OMEN in E:\IDEA projects\big_market\big_market-app)
25-12-12.19:21:38.484 [main            ] INFO  RaffleStrategyTest     - The following 1 profile is active: "dev"
25-12-12.19:21:39.182 [main            ] INFO  RepositoryConfigurationDelegate - Multiple Spring Data modules found, entering strict repository configuration mode
25-12-12.19:21:39.184 [main            ] INFO  RepositoryConfigurationDelegate - Bootstrapping Spring Data Redis repositories in DEFAULT mode.
25-12-12.19:21:39.211 [main            ] INFO  RepositoryConfigurationDelegate - Finished Spring Data repository scanning in 12 ms. Found 0 Redis repository interfaces.
25-12-12.19:21:40.223 [main            ] INFO  Version                - Redisson 3.23.4
25-12-12.19:21:40.602 [redisson-netty-2-4] INFO  MasterPubSubConnectionPool - 1 connections initialized for 127.0.0.1/127.0.0.1:16379
25-12-12.19:21:40.619 [redisson-netty-2-13] INFO  MasterConnectionPool   - 5 connections initialized for 127.0.0.1/127.0.0.1:16379
25-12-12.19:21:42.069 [main            ] INFO  EndpointLinksResolver  - Exposing 1 endpoint(s) beneath base path '/actuator'
25-12-12.19:21:42.147 [main            ] INFO  RaffleStrategyTest     - Started RaffleStrategyTest in 4.048 seconds (JVM running for 4.764)
25-12-12.19:21:42.887 [main            ] INFO  StrategyRepository     - storeStrategyAwardSearchTables set key: big_market_strategy_rate_range_key_100001
25-12-12.19:21:43.020 [main            ] INFO  HikariDataSource       - HikariPool-1 - Starting...
25-12-12.19:21:43.309 [main            ] INFO  HikariDataSource       - HikariPool-1 - Start completed.
25-12-12.19:21:43.355 [main            ] INFO  StrategyRepository     - storeStrategyAwardSearchTables set key: big_market_strategy_rate_range_key_100001_4000:102,103,104,105
25-12-12.19:21:43.360 [main            ] INFO  StrategyRepository     - storeStrategyAwardSearchTables set key: big_market_strategy_rate_range_key_100001_5000:102,103,104,105,106,107
25-12-12.19:21:43.365 [main            ] INFO  StrategyRepository     - storeStrategyAwardSearchTables set key: big_market_strategy_rate_range_key_100001_6000:102,103,104,105,106,107,108,109
25-12-12.19:21:43.385 [main            ] INFO  RaffleStrategyTest     - 测试结果：true
25-12-12.19:21:43.392 [main            ] INFO  RuleBlackListLogicFilter - 规则过滤-黑名单 userId:CongXinn strategyId:100001 ruleModel:rule_blacklist
25-12-12.19:21:43.412 [main            ] INFO  RuleWeightLogicFilter  - 规则过滤 - 权重范围 userId:CongXinn strategyId:100001 ruleModel:rule_weight
25-12-12.19:21:43.416 [main            ] INFO  DefaultRaffleStrategy  - 抽奖前规则过滤 userId: CongXinn ruleModel: rule_weight code: 0001 info: 接管: 后续的流程，受规则引执行擎结果的影响
25-12-12.19:21:43.417 [main            ] INFO  StrategyRepository     - getRateRange get key: big_market_strategy_rate_range_key_100001_4000:102,103,104,105, value: {}
25-12-12.19:21:43.625 [main            ] INFO  RaffleStrategyTest     - 请求参数：{"awardId":102}
25-12-12.19:21:43.626 [main            ] INFO  RaffleStrategyTest     - 测试结果：{"awardId":102}
25-12-12.19:21:43.656 [SpringApplicationShutdownHook] INFO  HikariDataSource       - HikariPool-1 - Shutdown initiated...
25-12-12.19:21:43.671 [SpringApplicationShutdownHook] INFO  HikariDataSource       - HikariPool-1 - Shutdown completed.
25-12-12.19:21:53.672 [main            ] INFO  RaffleStrategyTest     - Starting RaffleStrategyTest using Java 17.0.10 on LAPTOP-M7AUHHUL with PID 27988 (started by OMEN in E:\IDEA projects\big_market\big_market-app)
25-12-12.19:21:53.674 [main            ] INFO  RaffleStrategyTest     - The following 1 profile is active: "dev"
25-12-12.19:21:54.561 [main            ] INFO  RepositoryConfigurationDelegate - Multiple Spring Data modules found, entering strict repository configuration mode
25-12-12.19:21:54.564 [main            ] INFO  RepositoryConfigurationDelegate - Bootstrapping Spring Data Redis repositories in DEFAULT mode.
25-12-12.19:21:54.595 [main            ] INFO  RepositoryConfigurationDelegate - Finished Spring Data repository scanning in 14 ms. Found 0 Redis repository interfaces.
25-12-12.19:21:55.676 [main            ] INFO  Version                - Redisson 3.23.4
25-12-12.19:21:56.076 [redisson-netty-2-4] INFO  MasterPubSubConnectionPool - 1 connections initialized for 127.0.0.1/127.0.0.1:16379
25-12-12.19:21:56.095 [redisson-netty-2-13] INFO  MasterConnectionPool   - 5 connections initialized for 127.0.0.1/127.0.0.1:16379
25-12-12.19:21:57.448 [main            ] INFO  EndpointLinksResolver  - Exposing 1 endpoint(s) beneath base path '/actuator'
25-12-12.19:21:57.498 [main            ] INFO  RaffleStrategyTest     - Started RaffleStrategyTest in 4.372 seconds (JVM running for 5.292)
25-12-12.19:21:58.206 [main            ] INFO  StrategyRepository     - storeStrategyAwardSearchTables set key: big_market_strategy_rate_range_key_100001
25-12-12.19:21:58.342 [main            ] INFO  HikariDataSource       - HikariPool-1 - Starting...
25-12-12.19:21:58.678 [main            ] INFO  HikariDataSource       - HikariPool-1 - Start completed.
25-12-12.19:21:58.716 [main            ] INFO  StrategyRepository     - storeStrategyAwardSearchTables set key: big_market_strategy_rate_range_key_100001_4000:102,103,104,105
25-12-12.19:21:58.718 [main            ] INFO  StrategyRepository     - storeStrategyAwardSearchTables set key: big_market_strategy_rate_range_key_100001_5000:102,103,104,105,106,107
25-12-12.19:21:58.723 [main            ] INFO  StrategyRepository     - storeStrategyAwardSearchTables set key: big_market_strategy_rate_range_key_100001_6000:102,103,104,105,106,107,108,109
25-12-12.19:21:58.798 [main            ] INFO  RaffleStrategyTest     - 测试结果：true
25-12-12.19:21:58.804 [main            ] INFO  RuleBlackListLogicFilter - 规则过滤-黑名单 userId:CongXinn strategyId:100001 ruleModel:rule_blacklist
25-12-12.19:21:58.833 [main            ] INFO  RuleWeightLogicFilter  - 规则过滤 - 权重范围 userId:CongXinn strategyId:100001 ruleModel:rule_weight
25-12-12.19:21:58.836 [main            ] INFO  DefaultRaffleStrategy  - 抽奖前规则过滤 userId: CongXinn ruleModel: rule_weight code: 0001 info: 接管: 后续的流程，受规则引执行擎结果的影响
25-12-12.19:21:58.836 [main            ] INFO  StrategyRepository     - getRateRange get key: big_market_strategy_rate_range_key_100001_4000:102,103,104,105, value: {}
25-12-12.19:21:59.004 [main            ] INFO  RaffleStrategyTest     - 请求参数：{"awardId":103}
25-12-12.19:21:59.005 [main            ] INFO  RaffleStrategyTest     - 测试结果：{"awardId":103}
25-12-12.19:21:59.035 [SpringApplicationShutdownHook] INFO  HikariDataSource       - HikariPool-1 - Shutdown initiated...
25-12-12.19:21:59.052 [SpringApplicationShutdownHook] INFO  HikariDataSource       - HikariPool-1 - Shutdown completed.
25-12-12.19:22:35.186 [main            ] INFO  RaffleStrategyTest     - Starting RaffleStrategyTest using Java 17.0.10 on LAPTOP-M7AUHHUL with PID 13180 (started by OMEN in E:\IDEA projects\big_market\big_market-app)
25-12-12.19:22:35.187 [main            ] INFO  RaffleStrategyTest     - The following 1 profile is active: "dev"
25-12-12.19:22:35.892 [main            ] INFO  RepositoryConfigurationDelegate - Multiple Spring Data modules found, entering strict repository configuration mode
25-12-12.19:22:35.895 [main            ] INFO  RepositoryConfigurationDelegate - Bootstrapping Spring Data Redis repositories in DEFAULT mode.
25-12-12.19:22:35.920 [main            ] INFO  RepositoryConfigurationDelegate - Finished Spring Data repository scanning in 11 ms. Found 0 Redis repository interfaces.
25-12-12.19:22:36.808 [main            ] INFO  Version                - Redisson 3.23.4
25-12-12.19:22:37.112 [redisson-netty-2-4] INFO  MasterPubSubConnectionPool - 1 connections initialized for 127.0.0.1/127.0.0.1:16379
25-12-12.19:22:37.130 [redisson-netty-2-13] INFO  MasterConnectionPool   - 5 connections initialized for 127.0.0.1/127.0.0.1:16379
25-12-12.19:22:38.477 [main            ] INFO  EndpointLinksResolver  - Exposing 1 endpoint(s) beneath base path '/actuator'
25-12-12.19:22:38.534 [main            ] INFO  RaffleStrategyTest     - Started RaffleStrategyTest in 3.724 seconds (JVM running for 4.4)
25-12-12.19:22:38.955 [main            ] INFO  StrategyRepository     - storeStrategyAwardSearchTables set key: big_market_strategy_rate_range_key_100001
25-12-12.19:22:39.050 [main            ] INFO  HikariDataSource       - HikariPool-1 - Starting...
25-12-12.19:22:39.303 [main            ] INFO  HikariDataSource       - HikariPool-1 - Start completed.
25-12-12.19:22:39.346 [main            ] INFO  StrategyRepository     - storeStrategyAwardSearchTables set key: big_market_strategy_rate_range_key_100001_4000:102,103,104,105
25-12-12.19:22:39.348 [main            ] INFO  StrategyRepository     - storeStrategyAwardSearchTables set key: big_market_strategy_rate_range_key_100001_5000:102,103,104,105,106,107
25-12-12.19:22:39.352 [main            ] INFO  StrategyRepository     - storeStrategyAwardSearchTables set key: big_market_strategy_rate_range_key_100001_6000:102,103,104,105,106,107,108,109
25-12-12.19:22:39.367 [main            ] INFO  RaffleStrategyTest     - 测试结果：true
25-12-12.19:22:39.373 [main            ] INFO  RuleBlackListLogicFilter - 规则过滤-黑名单 userId:CongXinn strategyId:100001 ruleModel:rule_blacklist
25-12-12.19:22:39.395 [main            ] INFO  RuleWeightLogicFilter  - 规则过滤 - 权重范围 userId:CongXinn strategyId:100001 ruleModel:rule_weight
25-12-12.19:22:39.399 [main            ] INFO  DefaultRaffleStrategy  - 抽奖前规则过滤 userId: CongXinn ruleModel: rule_weight code: 0001 info: 接管: 后续的流程，受规则引执行擎结果的影响
25-12-12.19:22:39.399 [main            ] INFO  StrategyRepository     - getRateRange get key: big_market_strategy_rate_range_key_100001_4000:102,103,104,105, value: {}
25-12-12.19:22:39.551 [main            ] INFO  RaffleStrategyTest     - 请求参数：{"awardId":104}
25-12-12.19:22:39.551 [main            ] INFO  RaffleStrategyTest     - 测试结果：{"awardId":104}
25-12-12.19:22:39.581 [SpringApplicationShutdownHook] INFO  HikariDataSource       - HikariPool-1 - Shutdown initiated...
25-12-12.19:22:39.592 [SpringApplicationShutdownHook] INFO  HikariDataSource       - HikariPool-1 - Shutdown completed.
25-12-12.19:22:45.617 [main            ] INFO  RaffleStrategyTest     - Starting RaffleStrategyTest using Java 17.0.10 on LAPTOP-M7AUHHUL with PID 10664 (started by OMEN in E:\IDEA projects\big_market\big_market-app)
25-12-12.19:22:45.619 [main            ] INFO  RaffleStrategyTest     - The following 1 profile is active: "dev"
25-12-12.19:22:46.469 [main            ] INFO  RepositoryConfigurationDelegate - Multiple Spring Data modules found, entering strict repository configuration mode
25-12-12.19:22:46.471 [main            ] INFO  RepositoryConfigurationDelegate - Bootstrapping Spring Data Redis repositories in DEFAULT mode.
25-12-12.19:22:46.499 [main            ] INFO  RepositoryConfigurationDelegate - Finished Spring Data repository scanning in 13 ms. Found 0 Redis repository interfaces.
25-12-12.19:22:47.593 [main            ] INFO  Version                - Redisson 3.23.4
25-12-12.19:22:47.997 [redisson-netty-2-4] INFO  MasterPubSubConnectionPool - 1 connections initialized for 127.0.0.1/127.0.0.1:16379
25-12-12.19:22:48.018 [redisson-netty-2-13] INFO  MasterConnectionPool   - 5 connections initialized for 127.0.0.1/127.0.0.1:16379
25-12-12.19:22:49.620 [main            ] INFO  EndpointLinksResolver  - Exposing 1 endpoint(s) beneath base path '/actuator'
25-12-12.19:22:49.685 [main            ] INFO  RaffleStrategyTest     - Started RaffleStrategyTest in 4.546 seconds (JVM running for 5.335)
25-12-12.19:22:50.258 [main            ] INFO  StrategyRepository     - storeStrategyAwardSearchTables set key: big_market_strategy_rate_range_key_100001
25-12-12.19:22:50.395 [main            ] INFO  HikariDataSource       - HikariPool-1 - Starting...
25-12-12.19:22:50.690 [main            ] INFO  HikariDataSource       - HikariPool-1 - Start completed.
25-12-12.19:22:50.727 [main            ] INFO  StrategyRepository     - storeStrategyAwardSearchTables set key: big_market_strategy_rate_range_key_100001_4000:102,103,104,105
25-12-12.19:22:50.729 [main            ] INFO  StrategyRepository     - storeStrategyAwardSearchTables set key: big_market_strategy_rate_range_key_100001_5000:102,103,104,105,106,107
25-12-12.19:22:50.733 [main            ] INFO  StrategyRepository     - storeStrategyAwardSearchTables set key: big_market_strategy_rate_range_key_100001_6000:102,103,104,105,106,107,108,109
25-12-12.19:22:50.748 [main            ] INFO  RaffleStrategyTest     - 测试结果：true
25-12-12.19:22:50.754 [main            ] INFO  RuleBlackListLogicFilter - 规则过滤-黑名单 userId:CongXinn strategyId:100001 ruleModel:rule_blacklist
25-12-12.19:22:50.776 [main            ] INFO  RuleWeightLogicFilter  - 规则过滤 - 权重范围 userId:CongXinn strategyId:100001 ruleModel:rule_weight
25-12-12.19:22:50.780 [main            ] INFO  DefaultRaffleStrategy  - 抽奖前规则过滤 userId: CongXinn ruleModel: rule_weight code: 0001 info: 接管: 后续的流程，受规则引执行擎结果的影响
25-12-12.19:22:50.781 [main            ] INFO  StrategyRepository     - getRateRange get key: big_market_strategy_rate_range_key_100001_4000:102,103,104,105, value: {}
25-12-12.19:22:50.946 [main            ] INFO  RaffleStrategyTest     - 请求参数：{"awardId":102}
25-12-12.19:22:50.946 [main            ] INFO  RaffleStrategyTest     - 测试结果：{"awardId":102}
25-12-12.19:22:50.980 [SpringApplicationShutdownHook] INFO  HikariDataSource       - HikariPool-1 - Shutdown initiated...
25-12-12.19:22:51.000 [SpringApplicationShutdownHook] INFO  HikariDataSource       - HikariPool-1 - Shutdown completed.
25-12-12.19:22:56.344 [main            ] INFO  RaffleStrategyTest     - Starting RaffleStrategyTest using Java 17.0.10 on LAPTOP-M7AUHHUL with PID 1932 (started by OMEN in E:\IDEA projects\big_market\big_market-app)
25-12-12.19:22:56.345 [main            ] INFO  RaffleStrategyTest     - The following 1 profile is active: "dev"
25-12-12.19:22:57.145 [main            ] INFO  RepositoryConfigurationDelegate - Multiple Spring Data modules found, entering strict repository configuration mode
25-12-12.19:22:57.148 [main            ] INFO  RepositoryConfigurationDelegate - Bootstrapping Spring Data Redis repositories in DEFAULT mode.
25-12-12.19:22:57.182 [main            ] INFO  RepositoryConfigurationDelegate - Finished Spring Data repository scanning in 16 ms. Found 0 Redis repository interfaces.
25-12-12.19:22:58.284 [main            ] INFO  Version                - Redisson 3.23.4
25-12-12.19:22:58.641 [redisson-netty-2-5] INFO  MasterPubSubConnectionPool - 1 connections initialized for 127.0.0.1/127.0.0.1:16379
25-12-12.19:22:58.658 [redisson-netty-2-13] INFO  MasterConnectionPool   - 5 connections initialized for 127.0.0.1/127.0.0.1:16379
25-12-12.19:23:00.078 [main            ] INFO  EndpointLinksResolver  - Exposing 1 endpoint(s) beneath base path '/actuator'
25-12-12.19:23:00.143 [main            ] INFO  RaffleStrategyTest     - Started RaffleStrategyTest in 4.223 seconds (JVM running for 4.952)
25-12-12.19:23:00.752 [main            ] INFO  StrategyRepository     - storeStrategyAwardSearchTables set key: big_market_strategy_rate_range_key_100001
25-12-12.19:23:00.871 [main            ] INFO  HikariDataSource       - HikariPool-1 - Starting...
25-12-12.19:23:01.171 [main            ] INFO  HikariDataSource       - HikariPool-1 - Start completed.
25-12-12.19:23:01.209 [main            ] INFO  StrategyRepository     - storeStrategyAwardSearchTables set key: big_market_strategy_rate_range_key_100001_4000:102,103,104,105
25-12-12.19:23:01.212 [main            ] INFO  StrategyRepository     - storeStrategyAwardSearchTables set key: big_market_strategy_rate_range_key_100001_5000:102,103,104,105,106,107
25-12-12.19:23:01.216 [main            ] INFO  StrategyRepository     - storeStrategyAwardSearchTables set key: big_market_strategy_rate_range_key_100001_6000:102,103,104,105,106,107,108,109
25-12-12.19:23:01.231 [main            ] INFO  RaffleStrategyTest     - 测试结果：true
25-12-12.19:23:01.236 [main            ] INFO  RuleBlackListLogicFilter - 规则过滤-黑名单 userId:CongXinn strategyId:100001 ruleModel:rule_blacklist
25-12-12.19:23:01.260 [main            ] INFO  RuleWeightLogicFilter  - 规则过滤 - 权重范围 userId:CongXinn strategyId:100001 ruleModel:rule_weight
25-12-12.19:23:01.263 [main            ] INFO  DefaultRaffleStrategy  - 抽奖前规则过滤 userId: CongXinn ruleModel: rule_weight code: 0001 info: 接管: 后续的流程，受规则引执行擎结果的影响
25-12-12.19:23:01.264 [main            ] INFO  StrategyRepository     - getRateRange get key: big_market_strategy_rate_range_key_100001_4000:102,103,104,105, value: {}
25-12-12.19:23:01.438 [main            ] INFO  RaffleStrategyTest     - 请求参数：{"awardId":102}
25-12-12.19:23:01.438 [main            ] INFO  RaffleStrategyTest     - 测试结果：{"awardId":102}
25-12-12.19:23:01.482 [SpringApplicationShutdownHook] INFO  HikariDataSource       - HikariPool-1 - Shutdown initiated...
25-12-12.19:23:01.503 [SpringApplicationShutdownHook] INFO  HikariDataSource       - HikariPool-1 - Shutdown completed.
